ARM GAS  C:\Users\root\AppData\Local\Temp\cc8SjJUc.s 			page 1


   1              		.cpu cortex-m7
   2              		.eabi_attribute 28, 1
   3              		.eabi_attribute 20, 1
   4              		.eabi_attribute 21, 1
   5              		.eabi_attribute 23, 3
   6              		.eabi_attribute 24, 1
   7              		.eabi_attribute 25, 1
   8              		.eabi_attribute 26, 1
   9              		.eabi_attribute 30, 1
  10              		.eabi_attribute 34, 1
  11              		.eabi_attribute 18, 4
  12              		.file	"stm32h7xx_hal_spi_ex.c"
  13              		.text
  14              	.Ltext0:
  15              		.cfi_sections	.debug_frame
  16              		.section	.text.HAL_SPIEx_FlushRxFifo,"ax",%progbits
  17              		.align	1
  18              		.global	HAL_SPIEx_FlushRxFifo
  19              		.arch armv7e-m
  20              		.syntax unified
  21              		.thumb
  22              		.thumb_func
  23              		.fpu fpv5-d16
  25              	HAL_SPIEx_FlushRxFifo:
  26              	.LVL0:
  27              	.LFB141:
  28              		.file 1 "Drivers/STM32H7xx_HAL_Driver/Src/stm32h7xx_hal_spi_ex.c"
   1:Drivers/STM32H7xx_HAL_Driver/Src/stm32h7xx_hal_spi_ex.c **** /**
   2:Drivers/STM32H7xx_HAL_Driver/Src/stm32h7xx_hal_spi_ex.c ****   ******************************************************************************
   3:Drivers/STM32H7xx_HAL_Driver/Src/stm32h7xx_hal_spi_ex.c ****   * @file    stm32h7xx_hal_spi_ex.c
   4:Drivers/STM32H7xx_HAL_Driver/Src/stm32h7xx_hal_spi_ex.c ****   * @author  MCD Application Team
   5:Drivers/STM32H7xx_HAL_Driver/Src/stm32h7xx_hal_spi_ex.c ****   * @brief   Extended SPI HAL module driver.
   6:Drivers/STM32H7xx_HAL_Driver/Src/stm32h7xx_hal_spi_ex.c ****   *          This file provides firmware functions to manage the following
   7:Drivers/STM32H7xx_HAL_Driver/Src/stm32h7xx_hal_spi_ex.c ****   *          SPI peripheral extended functionalities :
   8:Drivers/STM32H7xx_HAL_Driver/Src/stm32h7xx_hal_spi_ex.c ****   *           + IO operation functions
   9:Drivers/STM32H7xx_HAL_Driver/Src/stm32h7xx_hal_spi_ex.c ****   *           + Peripheral Control functions
  10:Drivers/STM32H7xx_HAL_Driver/Src/stm32h7xx_hal_spi_ex.c ****   *
  11:Drivers/STM32H7xx_HAL_Driver/Src/stm32h7xx_hal_spi_ex.c ****   ******************************************************************************
  12:Drivers/STM32H7xx_HAL_Driver/Src/stm32h7xx_hal_spi_ex.c ****   * @attention
  13:Drivers/STM32H7xx_HAL_Driver/Src/stm32h7xx_hal_spi_ex.c ****   *
  14:Drivers/STM32H7xx_HAL_Driver/Src/stm32h7xx_hal_spi_ex.c ****   * <h2><center>&copy; Copyright (c) 2017 STMicroelectronics.
  15:Drivers/STM32H7xx_HAL_Driver/Src/stm32h7xx_hal_spi_ex.c ****   * All rights reserved.</center></h2>
  16:Drivers/STM32H7xx_HAL_Driver/Src/stm32h7xx_hal_spi_ex.c ****   *
  17:Drivers/STM32H7xx_HAL_Driver/Src/stm32h7xx_hal_spi_ex.c ****   * This software component is licensed by ST under BSD 3-Clause license,
  18:Drivers/STM32H7xx_HAL_Driver/Src/stm32h7xx_hal_spi_ex.c ****   * the "License"; You may not use this file except in compliance with the
  19:Drivers/STM32H7xx_HAL_Driver/Src/stm32h7xx_hal_spi_ex.c ****   * License. You may obtain a copy of the License at:
  20:Drivers/STM32H7xx_HAL_Driver/Src/stm32h7xx_hal_spi_ex.c ****   *                        opensource.org/licenses/BSD-3-Clause
  21:Drivers/STM32H7xx_HAL_Driver/Src/stm32h7xx_hal_spi_ex.c ****   *
  22:Drivers/STM32H7xx_HAL_Driver/Src/stm32h7xx_hal_spi_ex.c ****   ******************************************************************************
  23:Drivers/STM32H7xx_HAL_Driver/Src/stm32h7xx_hal_spi_ex.c ****   */
  24:Drivers/STM32H7xx_HAL_Driver/Src/stm32h7xx_hal_spi_ex.c **** 
  25:Drivers/STM32H7xx_HAL_Driver/Src/stm32h7xx_hal_spi_ex.c **** /* Includes ------------------------------------------------------------------*/
  26:Drivers/STM32H7xx_HAL_Driver/Src/stm32h7xx_hal_spi_ex.c **** #include "stm32h7xx_hal.h"
  27:Drivers/STM32H7xx_HAL_Driver/Src/stm32h7xx_hal_spi_ex.c **** 
  28:Drivers/STM32H7xx_HAL_Driver/Src/stm32h7xx_hal_spi_ex.c **** /** @addtogroup STM32H7xx_HAL_Driver
  29:Drivers/STM32H7xx_HAL_Driver/Src/stm32h7xx_hal_spi_ex.c ****   * @{
  30:Drivers/STM32H7xx_HAL_Driver/Src/stm32h7xx_hal_spi_ex.c ****   */
ARM GAS  C:\Users\root\AppData\Local\Temp\cc8SjJUc.s 			page 2


  31:Drivers/STM32H7xx_HAL_Driver/Src/stm32h7xx_hal_spi_ex.c **** 
  32:Drivers/STM32H7xx_HAL_Driver/Src/stm32h7xx_hal_spi_ex.c **** /** @defgroup SPIEx SPIEx
  33:Drivers/STM32H7xx_HAL_Driver/Src/stm32h7xx_hal_spi_ex.c ****   * @brief SPI Extended HAL module driver
  34:Drivers/STM32H7xx_HAL_Driver/Src/stm32h7xx_hal_spi_ex.c ****   * @{
  35:Drivers/STM32H7xx_HAL_Driver/Src/stm32h7xx_hal_spi_ex.c ****   */
  36:Drivers/STM32H7xx_HAL_Driver/Src/stm32h7xx_hal_spi_ex.c **** #ifdef HAL_SPI_MODULE_ENABLED
  37:Drivers/STM32H7xx_HAL_Driver/Src/stm32h7xx_hal_spi_ex.c **** 
  38:Drivers/STM32H7xx_HAL_Driver/Src/stm32h7xx_hal_spi_ex.c **** /* Private typedef -----------------------------------------------------------*/
  39:Drivers/STM32H7xx_HAL_Driver/Src/stm32h7xx_hal_spi_ex.c **** /* Private defines -----------------------------------------------------------*/
  40:Drivers/STM32H7xx_HAL_Driver/Src/stm32h7xx_hal_spi_ex.c **** /* Private macros ------------------------------------------------------------*/
  41:Drivers/STM32H7xx_HAL_Driver/Src/stm32h7xx_hal_spi_ex.c **** /* Private variables ---------------------------------------------------------*/
  42:Drivers/STM32H7xx_HAL_Driver/Src/stm32h7xx_hal_spi_ex.c **** /* Private function prototypes -----------------------------------------------*/
  43:Drivers/STM32H7xx_HAL_Driver/Src/stm32h7xx_hal_spi_ex.c **** /* Exported functions --------------------------------------------------------*/
  44:Drivers/STM32H7xx_HAL_Driver/Src/stm32h7xx_hal_spi_ex.c **** 
  45:Drivers/STM32H7xx_HAL_Driver/Src/stm32h7xx_hal_spi_ex.c **** /** @defgroup SPIEx_Exported_Functions SPIEx Exported Functions
  46:Drivers/STM32H7xx_HAL_Driver/Src/stm32h7xx_hal_spi_ex.c ****   * @{
  47:Drivers/STM32H7xx_HAL_Driver/Src/stm32h7xx_hal_spi_ex.c ****   */
  48:Drivers/STM32H7xx_HAL_Driver/Src/stm32h7xx_hal_spi_ex.c **** 
  49:Drivers/STM32H7xx_HAL_Driver/Src/stm32h7xx_hal_spi_ex.c **** /** @defgroup SPIEx_Exported_Functions_Group1 IO operation functions
  50:Drivers/STM32H7xx_HAL_Driver/Src/stm32h7xx_hal_spi_ex.c ****   *  @brief   Data transfers functions
  51:Drivers/STM32H7xx_HAL_Driver/Src/stm32h7xx_hal_spi_ex.c ****   *
  52:Drivers/STM32H7xx_HAL_Driver/Src/stm32h7xx_hal_spi_ex.c **** @verbatim
  53:Drivers/STM32H7xx_HAL_Driver/Src/stm32h7xx_hal_spi_ex.c ****   ==============================================================================
  54:Drivers/STM32H7xx_HAL_Driver/Src/stm32h7xx_hal_spi_ex.c ****                       ##### IO operation functions #####
  55:Drivers/STM32H7xx_HAL_Driver/Src/stm32h7xx_hal_spi_ex.c ****  ===============================================================================
  56:Drivers/STM32H7xx_HAL_Driver/Src/stm32h7xx_hal_spi_ex.c ****  [..]
  57:Drivers/STM32H7xx_HAL_Driver/Src/stm32h7xx_hal_spi_ex.c ****     This subsection provides a set of extended functions to manage the SPI
  58:Drivers/STM32H7xx_HAL_Driver/Src/stm32h7xx_hal_spi_ex.c ****     data transfers.
  59:Drivers/STM32H7xx_HAL_Driver/Src/stm32h7xx_hal_spi_ex.c **** 
  60:Drivers/STM32H7xx_HAL_Driver/Src/stm32h7xx_hal_spi_ex.c ****     (#) SPIEx function:
  61:Drivers/STM32H7xx_HAL_Driver/Src/stm32h7xx_hal_spi_ex.c ****         (++) HAL_SPIEx_FlushRxFifo()
  62:Drivers/STM32H7xx_HAL_Driver/Src/stm32h7xx_hal_spi_ex.c ****         (++) HAL_SPIEx_FlushRxFifo()
  63:Drivers/STM32H7xx_HAL_Driver/Src/stm32h7xx_hal_spi_ex.c ****         (++) HAL_SPIEx_EnableLockConfiguration()
  64:Drivers/STM32H7xx_HAL_Driver/Src/stm32h7xx_hal_spi_ex.c ****         (++) HAL_SPIEx_ConfigureUnderrun()
  65:Drivers/STM32H7xx_HAL_Driver/Src/stm32h7xx_hal_spi_ex.c **** 
  66:Drivers/STM32H7xx_HAL_Driver/Src/stm32h7xx_hal_spi_ex.c **** @endverbatim
  67:Drivers/STM32H7xx_HAL_Driver/Src/stm32h7xx_hal_spi_ex.c ****   * @{
  68:Drivers/STM32H7xx_HAL_Driver/Src/stm32h7xx_hal_spi_ex.c ****   */
  69:Drivers/STM32H7xx_HAL_Driver/Src/stm32h7xx_hal_spi_ex.c **** 
  70:Drivers/STM32H7xx_HAL_Driver/Src/stm32h7xx_hal_spi_ex.c **** /**
  71:Drivers/STM32H7xx_HAL_Driver/Src/stm32h7xx_hal_spi_ex.c ****   * @brief Flush the RX fifo.
  72:Drivers/STM32H7xx_HAL_Driver/Src/stm32h7xx_hal_spi_ex.c ****   * @param  hspi: pointer to a SPI_HandleTypeDef structure that contains
  73:Drivers/STM32H7xx_HAL_Driver/Src/stm32h7xx_hal_spi_ex.c ****   *               the configuration information for the specified SPI module.
  74:Drivers/STM32H7xx_HAL_Driver/Src/stm32h7xx_hal_spi_ex.c ****   * @retval HAL status
  75:Drivers/STM32H7xx_HAL_Driver/Src/stm32h7xx_hal_spi_ex.c ****   */
  76:Drivers/STM32H7xx_HAL_Driver/Src/stm32h7xx_hal_spi_ex.c **** HAL_StatusTypeDef HAL_SPIEx_FlushRxFifo(SPI_HandleTypeDef *hspi)
  77:Drivers/STM32H7xx_HAL_Driver/Src/stm32h7xx_hal_spi_ex.c **** {
  29              		.loc 1 77 1 view -0
  30              		.cfi_startproc
  31              		@ args = 0, pretend = 0, frame = 8
  32              		@ frame_needed = 0, uses_anonymous_args = 0
  33              		@ link register save eliminated.
  34              		.loc 1 77 1 is_stmt 0 view .LVU1
  35 0000 10B4     		push	{r4}
  36              	.LCFI0:
  37              		.cfi_def_cfa_offset 4
  38              		.cfi_offset 4, -4
ARM GAS  C:\Users\root\AppData\Local\Temp\cc8SjJUc.s 			page 3


  39 0002 83B0     		sub	sp, sp, #12
  40              	.LCFI1:
  41              		.cfi_def_cfa_offset 16
  78:Drivers/STM32H7xx_HAL_Driver/Src/stm32h7xx_hal_spi_ex.c ****   uint8_t  count  = 0;
  42              		.loc 1 78 3 is_stmt 1 view .LVU2
  43              	.LVL1:
  79:Drivers/STM32H7xx_HAL_Driver/Src/stm32h7xx_hal_spi_ex.c ****   uint32_t itflag = hspi->Instance->SR;
  44              		.loc 1 79 3 view .LVU3
  45              		.loc 1 79 25 is_stmt 0 view .LVU4
  46 0004 0268     		ldr	r2, [r0]
  47              		.loc 1 79 12 view .LVU5
  48 0006 5469     		ldr	r4, [r2, #20]
  49              	.LVL2:
  80:Drivers/STM32H7xx_HAL_Driver/Src/stm32h7xx_hal_spi_ex.c ****   __IO uint32_t tmpreg;
  50              		.loc 1 80 3 is_stmt 1 view .LVU6
  81:Drivers/STM32H7xx_HAL_Driver/Src/stm32h7xx_hal_spi_ex.c **** 
  82:Drivers/STM32H7xx_HAL_Driver/Src/stm32h7xx_hal_spi_ex.c ****   while (((hspi->Instance->SR & SPI_FLAG_FRLVL) !=  SPI_RX_FIFO_0PACKET) || ((itflag & SPI_FLAG_RXW
  51              		.loc 1 82 3 view .LVU7
  78:Drivers/STM32H7xx_HAL_Driver/Src/stm32h7xx_hal_spi_ex.c ****   uint32_t itflag = hspi->Instance->SR;
  52              		.loc 1 78 12 is_stmt 0 view .LVU8
  53 0008 0023     		movs	r3, #0
  54              		.loc 1 82 9 view .LVU9
  55 000a 01E0     		b	.L2
  56              	.LVL3:
  57              	.L3:
  83:Drivers/STM32H7xx_HAL_Driver/Src/stm32h7xx_hal_spi_ex.c ****   {
  84:Drivers/STM32H7xx_HAL_Driver/Src/stm32h7xx_hal_spi_ex.c ****     count += (uint8_t)4UL;
  85:Drivers/STM32H7xx_HAL_Driver/Src/stm32h7xx_hal_spi_ex.c ****     tmpreg = hspi->Instance->RXDR;
  86:Drivers/STM32H7xx_HAL_Driver/Src/stm32h7xx_hal_spi_ex.c ****     UNUSED(tmpreg); /* To avoid GCC warning */
  87:Drivers/STM32H7xx_HAL_Driver/Src/stm32h7xx_hal_spi_ex.c **** 
  88:Drivers/STM32H7xx_HAL_Driver/Src/stm32h7xx_hal_spi_ex.c ****     if (IS_SPI_HIGHEND_INSTANCE(hspi->Instance))
  89:Drivers/STM32H7xx_HAL_Driver/Src/stm32h7xx_hal_spi_ex.c ****     {
  90:Drivers/STM32H7xx_HAL_Driver/Src/stm32h7xx_hal_spi_ex.c ****       if (count > SPI_HIGHEND_FIFO_SIZE)
  58              		.loc 1 90 7 is_stmt 1 view .LVU10
  59              		.loc 1 90 10 is_stmt 0 view .LVU11
  60 000c 102B     		cmp	r3, #16
  61 000e 1BD8     		bhi	.L10
  62              	.LVL4:
  63              	.L2:
  82:Drivers/STM32H7xx_HAL_Driver/Src/stm32h7xx_hal_spi_ex.c ****   {
  64              		.loc 1 82 9 is_stmt 1 view .LVU12
  82:Drivers/STM32H7xx_HAL_Driver/Src/stm32h7xx_hal_spi_ex.c ****   {
  65              		.loc 1 82 26 is_stmt 0 view .LVU13
  66 0010 5169     		ldr	r1, [r2, #20]
  82:Drivers/STM32H7xx_HAL_Driver/Src/stm32h7xx_hal_spi_ex.c ****   {
  67              		.loc 1 82 9 view .LVU14
  68 0012 11F4C04F 		tst	r1, #24576
  69 0016 02D1     		bne	.L6
  82:Drivers/STM32H7xx_HAL_Driver/Src/stm32h7xx_hal_spi_ex.c ****   {
  70              		.loc 1 82 74 discriminator 1 view .LVU15
  71 0018 14F4004F 		tst	r4, #32768
  72 001c 12D0     		beq	.L11
  73              	.L6:
  84:Drivers/STM32H7xx_HAL_Driver/Src/stm32h7xx_hal_spi_ex.c ****     tmpreg = hspi->Instance->RXDR;
  74              		.loc 1 84 5 is_stmt 1 view .LVU16
  84:Drivers/STM32H7xx_HAL_Driver/Src/stm32h7xx_hal_spi_ex.c ****     tmpreg = hspi->Instance->RXDR;
  75              		.loc 1 84 11 is_stmt 0 view .LVU17
ARM GAS  C:\Users\root\AppData\Local\Temp\cc8SjJUc.s 			page 4


  76 001e 0433     		adds	r3, r3, #4
  77              	.LVL5:
  84:Drivers/STM32H7xx_HAL_Driver/Src/stm32h7xx_hal_spi_ex.c ****     tmpreg = hspi->Instance->RXDR;
  78              		.loc 1 84 11 view .LVU18
  79 0020 DBB2     		uxtb	r3, r3
  80              	.LVL6:
  85:Drivers/STM32H7xx_HAL_Driver/Src/stm32h7xx_hal_spi_ex.c ****     UNUSED(tmpreg); /* To avoid GCC warning */
  81              		.loc 1 85 5 is_stmt 1 view .LVU19
  85:Drivers/STM32H7xx_HAL_Driver/Src/stm32h7xx_hal_spi_ex.c ****     UNUSED(tmpreg); /* To avoid GCC warning */
  82              		.loc 1 85 28 is_stmt 0 view .LVU20
  83 0022 116B     		ldr	r1, [r2, #48]
  85:Drivers/STM32H7xx_HAL_Driver/Src/stm32h7xx_hal_spi_ex.c ****     UNUSED(tmpreg); /* To avoid GCC warning */
  84              		.loc 1 85 12 view .LVU21
  85 0024 0191     		str	r1, [sp, #4]
  86:Drivers/STM32H7xx_HAL_Driver/Src/stm32h7xx_hal_spi_ex.c **** 
  86              		.loc 1 86 5 is_stmt 1 view .LVU22
  87 0026 0199     		ldr	r1, [sp, #4]
  88:Drivers/STM32H7xx_HAL_Driver/Src/stm32h7xx_hal_spi_ex.c ****     {
  88              		.loc 1 88 5 view .LVU23
  88:Drivers/STM32H7xx_HAL_Driver/Src/stm32h7xx_hal_spi_ex.c ****     {
  89              		.loc 1 88 8 is_stmt 0 view .LVU24
  90 0028 0A48     		ldr	r0, .L12
  91 002a 0B49     		ldr	r1, .L12+4
  92 002c 8A42     		cmp	r2, r1
  93 002e 18BF     		it	ne
  94 0030 8242     		cmpne	r2, r0
  95 0032 EBD0     		beq	.L3
  88:Drivers/STM32H7xx_HAL_Driver/Src/stm32h7xx_hal_spi_ex.c ****     {
  96              		.loc 1 88 9 discriminator 1 view .LVU25
  97 0034 01F58061 		add	r1, r1, #1024
  98 0038 8A42     		cmp	r2, r1
  99 003a E7D0     		beq	.L3
  91:Drivers/STM32H7xx_HAL_Driver/Src/stm32h7xx_hal_spi_ex.c ****       {
  92:Drivers/STM32H7xx_HAL_Driver/Src/stm32h7xx_hal_spi_ex.c ****         return HAL_TIMEOUT;
  93:Drivers/STM32H7xx_HAL_Driver/Src/stm32h7xx_hal_spi_ex.c ****       }
  94:Drivers/STM32H7xx_HAL_Driver/Src/stm32h7xx_hal_spi_ex.c ****     }
  95:Drivers/STM32H7xx_HAL_Driver/Src/stm32h7xx_hal_spi_ex.c ****     else
  96:Drivers/STM32H7xx_HAL_Driver/Src/stm32h7xx_hal_spi_ex.c ****     {
  97:Drivers/STM32H7xx_HAL_Driver/Src/stm32h7xx_hal_spi_ex.c ****       if (count > SPI_LOWEND_FIFO_SIZE)
 100              		.loc 1 97 7 is_stmt 1 view .LVU26
 101              		.loc 1 97 10 is_stmt 0 view .LVU27
 102 003c 082B     		cmp	r3, #8
 103 003e E7D9     		bls	.L2
  98:Drivers/STM32H7xx_HAL_Driver/Src/stm32h7xx_hal_spi_ex.c ****       {
  99:Drivers/STM32H7xx_HAL_Driver/Src/stm32h7xx_hal_spi_ex.c ****         return HAL_TIMEOUT;
 104              		.loc 1 99 16 view .LVU28
 105 0040 0320     		movs	r0, #3
 106 0042 02E0     		b	.L5
 107              	.L11:
 100:Drivers/STM32H7xx_HAL_Driver/Src/stm32h7xx_hal_spi_ex.c ****       }
 101:Drivers/STM32H7xx_HAL_Driver/Src/stm32h7xx_hal_spi_ex.c ****     }
 102:Drivers/STM32H7xx_HAL_Driver/Src/stm32h7xx_hal_spi_ex.c ****   }
 103:Drivers/STM32H7xx_HAL_Driver/Src/stm32h7xx_hal_spi_ex.c ****   return HAL_OK;
 108              		.loc 1 103 10 view .LVU29
 109 0044 0020     		movs	r0, #0
 110 0046 00E0     		b	.L5
 111              	.L10:
ARM GAS  C:\Users\root\AppData\Local\Temp\cc8SjJUc.s 			page 5


  92:Drivers/STM32H7xx_HAL_Driver/Src/stm32h7xx_hal_spi_ex.c ****       }
 112              		.loc 1 92 16 view .LVU30
 113 0048 0320     		movs	r0, #3
 114              	.L5:
 104:Drivers/STM32H7xx_HAL_Driver/Src/stm32h7xx_hal_spi_ex.c **** }
 115              		.loc 1 104 1 view .LVU31
 116 004a 03B0     		add	sp, sp, #12
 117              	.LCFI2:
 118              		.cfi_def_cfa_offset 4
 119              		@ sp needed
 120 004c 5DF8044B 		ldr	r4, [sp], #4
 121              	.LCFI3:
 122              		.cfi_restore 4
 123              		.cfi_def_cfa_offset 0
 124              	.LVL7:
 125              		.loc 1 104 1 view .LVU32
 126 0050 7047     		bx	lr
 127              	.L13:
 128 0052 00BF     		.align	2
 129              	.L12:
 130 0054 00300140 		.word	1073819648
 131 0058 00380040 		.word	1073756160
 132              		.cfi_endproc
 133              	.LFE141:
 135              		.section	.text.HAL_SPIEx_EnableLockConfiguration,"ax",%progbits
 136              		.align	1
 137              		.global	HAL_SPIEx_EnableLockConfiguration
 138              		.syntax unified
 139              		.thumb
 140              		.thumb_func
 141              		.fpu fpv5-d16
 143              	HAL_SPIEx_EnableLockConfiguration:
 144              	.LVL8:
 145              	.LFB142:
 105:Drivers/STM32H7xx_HAL_Driver/Src/stm32h7xx_hal_spi_ex.c **** 
 106:Drivers/STM32H7xx_HAL_Driver/Src/stm32h7xx_hal_spi_ex.c **** 
 107:Drivers/STM32H7xx_HAL_Driver/Src/stm32h7xx_hal_spi_ex.c **** /**
 108:Drivers/STM32H7xx_HAL_Driver/Src/stm32h7xx_hal_spi_ex.c ****   * @brief  Enable the Lock for the AF configuration of associated IOs
 109:Drivers/STM32H7xx_HAL_Driver/Src/stm32h7xx_hal_spi_ex.c ****   *         and write protect the Content of Configuration register 2
 110:Drivers/STM32H7xx_HAL_Driver/Src/stm32h7xx_hal_spi_ex.c ****   *         when SPI is enabled
 111:Drivers/STM32H7xx_HAL_Driver/Src/stm32h7xx_hal_spi_ex.c ****   * @param  hspi: pointer to a SPI_HandleTypeDef structure that contains
 112:Drivers/STM32H7xx_HAL_Driver/Src/stm32h7xx_hal_spi_ex.c ****   *               the configuration information for SPI module.
 113:Drivers/STM32H7xx_HAL_Driver/Src/stm32h7xx_hal_spi_ex.c ****   * @retval None
 114:Drivers/STM32H7xx_HAL_Driver/Src/stm32h7xx_hal_spi_ex.c ****   */
 115:Drivers/STM32H7xx_HAL_Driver/Src/stm32h7xx_hal_spi_ex.c **** HAL_StatusTypeDef HAL_SPIEx_EnableLockConfiguration(SPI_HandleTypeDef *hspi)
 116:Drivers/STM32H7xx_HAL_Driver/Src/stm32h7xx_hal_spi_ex.c **** {
 146              		.loc 1 116 1 is_stmt 1 view -0
 147              		.cfi_startproc
 148              		@ args = 0, pretend = 0, frame = 0
 149              		@ frame_needed = 0, uses_anonymous_args = 0
 150              		@ link register save eliminated.
 117:Drivers/STM32H7xx_HAL_Driver/Src/stm32h7xx_hal_spi_ex.c ****   HAL_StatusTypeDef errorcode = HAL_OK;
 151              		.loc 1 117 3 view .LVU34
 118:Drivers/STM32H7xx_HAL_Driver/Src/stm32h7xx_hal_spi_ex.c **** 
 119:Drivers/STM32H7xx_HAL_Driver/Src/stm32h7xx_hal_spi_ex.c ****   /* Process Locked */
 120:Drivers/STM32H7xx_HAL_Driver/Src/stm32h7xx_hal_spi_ex.c ****   __HAL_LOCK(hspi);
 152              		.loc 1 120 3 view .LVU35
ARM GAS  C:\Users\root\AppData\Local\Temp\cc8SjJUc.s 			page 6


 153              		.loc 1 120 3 view .LVU36
 154 0000 90F88030 		ldrb	r3, [r0, #128]	@ zero_extendqisi2
 155 0004 012B     		cmp	r3, #1
 156 0006 2FD0     		beq	.L19
 157              		.loc 1 120 3 discriminator 2 view .LVU37
 158 0008 0123     		movs	r3, #1
 159 000a 80F88030 		strb	r3, [r0, #128]
 160              		.loc 1 120 3 discriminator 2 view .LVU38
 121:Drivers/STM32H7xx_HAL_Driver/Src/stm32h7xx_hal_spi_ex.c **** 
 122:Drivers/STM32H7xx_HAL_Driver/Src/stm32h7xx_hal_spi_ex.c ****   if (hspi->State != HAL_SPI_STATE_READY)
 161              		.loc 1 122 3 discriminator 2 view .LVU39
 162              		.loc 1 122 11 is_stmt 0 discriminator 2 view .LVU40
 163 000e 90F88130 		ldrb	r3, [r0, #129]	@ zero_extendqisi2
 164 0012 DBB2     		uxtb	r3, r3
 165              		.loc 1 122 6 discriminator 2 view .LVU41
 166 0014 012B     		cmp	r3, #1
 167 0016 10D1     		bne	.L20
 123:Drivers/STM32H7xx_HAL_Driver/Src/stm32h7xx_hal_spi_ex.c ****   {
 124:Drivers/STM32H7xx_HAL_Driver/Src/stm32h7xx_hal_spi_ex.c ****     errorcode = HAL_BUSY;
 125:Drivers/STM32H7xx_HAL_Driver/Src/stm32h7xx_hal_spi_ex.c ****     hspi->State = HAL_SPI_STATE_READY;
 126:Drivers/STM32H7xx_HAL_Driver/Src/stm32h7xx_hal_spi_ex.c ****     /* Process Unlocked */
 127:Drivers/STM32H7xx_HAL_Driver/Src/stm32h7xx_hal_spi_ex.c ****     __HAL_UNLOCK(hspi);
 128:Drivers/STM32H7xx_HAL_Driver/Src/stm32h7xx_hal_spi_ex.c ****     return errorcode;
 129:Drivers/STM32H7xx_HAL_Driver/Src/stm32h7xx_hal_spi_ex.c ****   }
 130:Drivers/STM32H7xx_HAL_Driver/Src/stm32h7xx_hal_spi_ex.c **** 
 131:Drivers/STM32H7xx_HAL_Driver/Src/stm32h7xx_hal_spi_ex.c ****   /* Check if the SPI is disabled to edit IOLOCK bit */
 132:Drivers/STM32H7xx_HAL_Driver/Src/stm32h7xx_hal_spi_ex.c ****   if ((hspi->Instance->CR1 & SPI_CR1_SPE) != SPI_CR1_SPE)
 168              		.loc 1 132 3 is_stmt 1 view .LVU42
 169              		.loc 1 132 12 is_stmt 0 view .LVU43
 170 0018 0368     		ldr	r3, [r0]
 171              		.loc 1 132 22 view .LVU44
 172 001a 1A68     		ldr	r2, [r3]
 173              		.loc 1 132 6 view .LVU45
 174 001c 12F0010F 		tst	r2, #1
 175 0020 13D1     		bne	.L17
 133:Drivers/STM32H7xx_HAL_Driver/Src/stm32h7xx_hal_spi_ex.c ****   {
 134:Drivers/STM32H7xx_HAL_Driver/Src/stm32h7xx_hal_spi_ex.c ****     SET_BIT(hspi->Instance->CR1, SPI_CR1_IOLOCK);
 176              		.loc 1 134 5 is_stmt 1 view .LVU46
 177 0022 1A68     		ldr	r2, [r3]
 178 0024 42F48032 		orr	r2, r2, #65536
 179 0028 1A60     		str	r2, [r3]
 180              	.L18:
 135:Drivers/STM32H7xx_HAL_Driver/Src/stm32h7xx_hal_spi_ex.c ****   }
 136:Drivers/STM32H7xx_HAL_Driver/Src/stm32h7xx_hal_spi_ex.c ****   else
 137:Drivers/STM32H7xx_HAL_Driver/Src/stm32h7xx_hal_spi_ex.c ****   {
 138:Drivers/STM32H7xx_HAL_Driver/Src/stm32h7xx_hal_spi_ex.c ****     /* Disable SPI peripheral */
 139:Drivers/STM32H7xx_HAL_Driver/Src/stm32h7xx_hal_spi_ex.c ****     __HAL_SPI_DISABLE(hspi);
 140:Drivers/STM32H7xx_HAL_Driver/Src/stm32h7xx_hal_spi_ex.c **** 
 141:Drivers/STM32H7xx_HAL_Driver/Src/stm32h7xx_hal_spi_ex.c ****     SET_BIT(hspi->Instance->CR1, SPI_CR1_IOLOCK);
 142:Drivers/STM32H7xx_HAL_Driver/Src/stm32h7xx_hal_spi_ex.c **** 
 143:Drivers/STM32H7xx_HAL_Driver/Src/stm32h7xx_hal_spi_ex.c ****     /* Enable SPI peripheral */
 144:Drivers/STM32H7xx_HAL_Driver/Src/stm32h7xx_hal_spi_ex.c ****     __HAL_SPI_ENABLE(hspi);
 145:Drivers/STM32H7xx_HAL_Driver/Src/stm32h7xx_hal_spi_ex.c ****   }
 146:Drivers/STM32H7xx_HAL_Driver/Src/stm32h7xx_hal_spi_ex.c **** 
 147:Drivers/STM32H7xx_HAL_Driver/Src/stm32h7xx_hal_spi_ex.c ****   hspi->State = HAL_SPI_STATE_READY;
 181              		.loc 1 147 3 view .LVU47
 182              		.loc 1 147 15 is_stmt 0 view .LVU48
ARM GAS  C:\Users\root\AppData\Local\Temp\cc8SjJUc.s 			page 7


 183 002a 0123     		movs	r3, #1
 184 002c 80F88130 		strb	r3, [r0, #129]
 148:Drivers/STM32H7xx_HAL_Driver/Src/stm32h7xx_hal_spi_ex.c ****   /* Process Unlocked */
 149:Drivers/STM32H7xx_HAL_Driver/Src/stm32h7xx_hal_spi_ex.c ****   __HAL_UNLOCK(hspi);
 185              		.loc 1 149 3 is_stmt 1 view .LVU49
 186              		.loc 1 149 3 view .LVU50
 187 0030 0023     		movs	r3, #0
 188 0032 80F88030 		strb	r3, [r0, #128]
 189              		.loc 1 149 3 view .LVU51
 150:Drivers/STM32H7xx_HAL_Driver/Src/stm32h7xx_hal_spi_ex.c ****   return errorcode;
 190              		.loc 1 150 3 view .LVU52
 191              		.loc 1 150 10 is_stmt 0 view .LVU53
 192 0036 1846     		mov	r0, r3
 193              	.LVL9:
 194              		.loc 1 150 10 view .LVU54
 195 0038 7047     		bx	lr
 196              	.LVL10:
 197              	.L20:
 124:Drivers/STM32H7xx_HAL_Driver/Src/stm32h7xx_hal_spi_ex.c ****     hspi->State = HAL_SPI_STATE_READY;
 198              		.loc 1 124 5 is_stmt 1 view .LVU55
 125:Drivers/STM32H7xx_HAL_Driver/Src/stm32h7xx_hal_spi_ex.c ****     /* Process Unlocked */
 199              		.loc 1 125 5 view .LVU56
 125:Drivers/STM32H7xx_HAL_Driver/Src/stm32h7xx_hal_spi_ex.c ****     /* Process Unlocked */
 200              		.loc 1 125 17 is_stmt 0 view .LVU57
 201 003a 0123     		movs	r3, #1
 202 003c 80F88130 		strb	r3, [r0, #129]
 127:Drivers/STM32H7xx_HAL_Driver/Src/stm32h7xx_hal_spi_ex.c ****     return errorcode;
 203              		.loc 1 127 5 is_stmt 1 view .LVU58
 127:Drivers/STM32H7xx_HAL_Driver/Src/stm32h7xx_hal_spi_ex.c ****     return errorcode;
 204              		.loc 1 127 5 view .LVU59
 205 0040 0023     		movs	r3, #0
 206 0042 80F88030 		strb	r3, [r0, #128]
 127:Drivers/STM32H7xx_HAL_Driver/Src/stm32h7xx_hal_spi_ex.c ****     return errorcode;
 207              		.loc 1 127 5 view .LVU60
 128:Drivers/STM32H7xx_HAL_Driver/Src/stm32h7xx_hal_spi_ex.c ****   }
 208              		.loc 1 128 5 view .LVU61
 128:Drivers/STM32H7xx_HAL_Driver/Src/stm32h7xx_hal_spi_ex.c ****   }
 209              		.loc 1 128 12 is_stmt 0 view .LVU62
 210 0046 0220     		movs	r0, #2
 211              	.LVL11:
 128:Drivers/STM32H7xx_HAL_Driver/Src/stm32h7xx_hal_spi_ex.c ****   }
 212              		.loc 1 128 12 view .LVU63
 213 0048 7047     		bx	lr
 214              	.LVL12:
 215              	.L17:
 139:Drivers/STM32H7xx_HAL_Driver/Src/stm32h7xx_hal_spi_ex.c **** 
 216              		.loc 1 139 5 is_stmt 1 view .LVU64
 217 004a 1A68     		ldr	r2, [r3]
 218 004c 22F00102 		bic	r2, r2, #1
 219 0050 1A60     		str	r2, [r3]
 141:Drivers/STM32H7xx_HAL_Driver/Src/stm32h7xx_hal_spi_ex.c **** 
 220              		.loc 1 141 5 view .LVU65
 221 0052 0268     		ldr	r2, [r0]
 222 0054 1368     		ldr	r3, [r2]
 223 0056 43F48033 		orr	r3, r3, #65536
 224 005a 1360     		str	r3, [r2]
 144:Drivers/STM32H7xx_HAL_Driver/Src/stm32h7xx_hal_spi_ex.c ****   }
ARM GAS  C:\Users\root\AppData\Local\Temp\cc8SjJUc.s 			page 8


 225              		.loc 1 144 5 view .LVU66
 226 005c 0268     		ldr	r2, [r0]
 227 005e 1368     		ldr	r3, [r2]
 228 0060 43F00103 		orr	r3, r3, #1
 229 0064 1360     		str	r3, [r2]
 230 0066 E0E7     		b	.L18
 231              	.L19:
 120:Drivers/STM32H7xx_HAL_Driver/Src/stm32h7xx_hal_spi_ex.c **** 
 232              		.loc 1 120 3 is_stmt 0 view .LVU67
 233 0068 0220     		movs	r0, #2
 234              	.LVL13:
 151:Drivers/STM32H7xx_HAL_Driver/Src/stm32h7xx_hal_spi_ex.c **** }
 235              		.loc 1 151 1 view .LVU68
 236 006a 7047     		bx	lr
 237              		.cfi_endproc
 238              	.LFE142:
 240              		.section	.text.HAL_SPIEx_ConfigureUnderrun,"ax",%progbits
 241              		.align	1
 242              		.global	HAL_SPIEx_ConfigureUnderrun
 243              		.syntax unified
 244              		.thumb
 245              		.thumb_func
 246              		.fpu fpv5-d16
 248              	HAL_SPIEx_ConfigureUnderrun:
 249              	.LVL14:
 250              	.LFB143:
 152:Drivers/STM32H7xx_HAL_Driver/Src/stm32h7xx_hal_spi_ex.c **** 
 153:Drivers/STM32H7xx_HAL_Driver/Src/stm32h7xx_hal_spi_ex.c **** /**
 154:Drivers/STM32H7xx_HAL_Driver/Src/stm32h7xx_hal_spi_ex.c ****   * @brief  Configure the UNDERRUN condition and behavior of slave transmitter.
 155:Drivers/STM32H7xx_HAL_Driver/Src/stm32h7xx_hal_spi_ex.c ****   * @param  hspi: pointer to a SPI_HandleTypeDef structure that contains
 156:Drivers/STM32H7xx_HAL_Driver/Src/stm32h7xx_hal_spi_ex.c ****   *               the configuration information for SPI module.
 157:Drivers/STM32H7xx_HAL_Driver/Src/stm32h7xx_hal_spi_ex.c ****   * @param  UnderrunDetection : Detection of underrun condition at slave transmitter
 158:Drivers/STM32H7xx_HAL_Driver/Src/stm32h7xx_hal_spi_ex.c ****   *                             This parameter can be a value of @ref SPI_Underrun_Detection.
 159:Drivers/STM32H7xx_HAL_Driver/Src/stm32h7xx_hal_spi_ex.c ****   * @param  UnderrunBehaviour : Behavior of slave transmitter at underrun condition
 160:Drivers/STM32H7xx_HAL_Driver/Src/stm32h7xx_hal_spi_ex.c ****   *                             This parameter can be a value of @ref SPI_Underrun_Behaviour.
 161:Drivers/STM32H7xx_HAL_Driver/Src/stm32h7xx_hal_spi_ex.c ****   * @retval None
 162:Drivers/STM32H7xx_HAL_Driver/Src/stm32h7xx_hal_spi_ex.c ****   */
 163:Drivers/STM32H7xx_HAL_Driver/Src/stm32h7xx_hal_spi_ex.c **** HAL_StatusTypeDef HAL_SPIEx_ConfigureUnderrun(SPI_HandleTypeDef *hspi, uint32_t UnderrunDetection, 
 164:Drivers/STM32H7xx_HAL_Driver/Src/stm32h7xx_hal_spi_ex.c **** {
 251              		.loc 1 164 1 is_stmt 1 view -0
 252              		.cfi_startproc
 253              		@ args = 0, pretend = 0, frame = 0
 254              		@ frame_needed = 0, uses_anonymous_args = 0
 255              		@ link register save eliminated.
 165:Drivers/STM32H7xx_HAL_Driver/Src/stm32h7xx_hal_spi_ex.c ****   HAL_StatusTypeDef errorcode = HAL_OK;
 256              		.loc 1 165 3 view .LVU70
 166:Drivers/STM32H7xx_HAL_Driver/Src/stm32h7xx_hal_spi_ex.c **** 
 167:Drivers/STM32H7xx_HAL_Driver/Src/stm32h7xx_hal_spi_ex.c ****   /* Process Locked */
 168:Drivers/STM32H7xx_HAL_Driver/Src/stm32h7xx_hal_spi_ex.c ****   __HAL_LOCK(hspi);
 257              		.loc 1 168 3 view .LVU71
 258              		.loc 1 168 3 view .LVU72
 259 0000 90F88030 		ldrb	r3, [r0, #128]	@ zero_extendqisi2
 260 0004 012B     		cmp	r3, #1
 261 0006 42D0     		beq	.L27
 262              		.loc 1 168 3 discriminator 2 view .LVU73
 263 0008 0123     		movs	r3, #1
 264 000a 80F88030 		strb	r3, [r0, #128]
ARM GAS  C:\Users\root\AppData\Local\Temp\cc8SjJUc.s 			page 9


 265              		.loc 1 168 3 discriminator 2 view .LVU74
 169:Drivers/STM32H7xx_HAL_Driver/Src/stm32h7xx_hal_spi_ex.c **** 
 170:Drivers/STM32H7xx_HAL_Driver/Src/stm32h7xx_hal_spi_ex.c ****   /* Check State and Insure that Underrun configuration is managed only by Salve */
 171:Drivers/STM32H7xx_HAL_Driver/Src/stm32h7xx_hal_spi_ex.c ****   if ((hspi->State != HAL_SPI_STATE_READY) || (hspi->Init.Mode != SPI_MODE_SLAVE))
 266              		.loc 1 171 3 discriminator 2 view .LVU75
 267              		.loc 1 171 12 is_stmt 0 discriminator 2 view .LVU76
 268 000e 90F88130 		ldrb	r3, [r0, #129]	@ zero_extendqisi2
 269 0012 DBB2     		uxtb	r3, r3
 270              		.loc 1 171 6 discriminator 2 view .LVU77
 271 0014 012B     		cmp	r3, #1
 272 0016 1CD1     		bne	.L23
 273              		.loc 1 171 58 discriminator 1 view .LVU78
 274 0018 4368     		ldr	r3, [r0, #4]
 275              		.loc 1 171 44 discriminator 1 view .LVU79
 276 001a D3B9     		cbnz	r3, .L23
 164:Drivers/STM32H7xx_HAL_Driver/Src/stm32h7xx_hal_spi_ex.c ****   HAL_StatusTypeDef errorcode = HAL_OK;
 277              		.loc 1 164 1 view .LVU80
 278 001c 10B4     		push	{r4}
 279              	.LCFI4:
 280              		.cfi_def_cfa_offset 4
 281              		.cfi_offset 4, -4
 172:Drivers/STM32H7xx_HAL_Driver/Src/stm32h7xx_hal_spi_ex.c ****   {
 173:Drivers/STM32H7xx_HAL_Driver/Src/stm32h7xx_hal_spi_ex.c ****     errorcode = HAL_BUSY;
 174:Drivers/STM32H7xx_HAL_Driver/Src/stm32h7xx_hal_spi_ex.c ****     hspi->State = HAL_SPI_STATE_READY;
 175:Drivers/STM32H7xx_HAL_Driver/Src/stm32h7xx_hal_spi_ex.c ****     /* Process Unlocked */
 176:Drivers/STM32H7xx_HAL_Driver/Src/stm32h7xx_hal_spi_ex.c ****     __HAL_UNLOCK(hspi);
 177:Drivers/STM32H7xx_HAL_Driver/Src/stm32h7xx_hal_spi_ex.c ****     return errorcode;
 178:Drivers/STM32H7xx_HAL_Driver/Src/stm32h7xx_hal_spi_ex.c ****   }
 179:Drivers/STM32H7xx_HAL_Driver/Src/stm32h7xx_hal_spi_ex.c **** 
 180:Drivers/STM32H7xx_HAL_Driver/Src/stm32h7xx_hal_spi_ex.c ****   /* Check the parameters */
 181:Drivers/STM32H7xx_HAL_Driver/Src/stm32h7xx_hal_spi_ex.c ****   assert_param(IS_SPI_UNDERRUN_DETECTION(UnderrunDetection));
 282              		.loc 1 181 3 is_stmt 1 view .LVU81
 182:Drivers/STM32H7xx_HAL_Driver/Src/stm32h7xx_hal_spi_ex.c ****   assert_param(IS_SPI_UNDERRUN_BEHAVIOUR(UnderrunBehaviour));
 283              		.loc 1 182 3 view .LVU82
 183:Drivers/STM32H7xx_HAL_Driver/Src/stm32h7xx_hal_spi_ex.c **** 
 184:Drivers/STM32H7xx_HAL_Driver/Src/stm32h7xx_hal_spi_ex.c ****   /* Check if the SPI is disabled to edit CFG1 register */
 185:Drivers/STM32H7xx_HAL_Driver/Src/stm32h7xx_hal_spi_ex.c ****   if ((hspi->Instance->CR1 & SPI_CR1_SPE) != SPI_CR1_SPE)
 284              		.loc 1 185 3 view .LVU83
 285              		.loc 1 185 12 is_stmt 0 view .LVU84
 286 001e 0368     		ldr	r3, [r0]
 287              		.loc 1 185 22 view .LVU85
 288 0020 1C68     		ldr	r4, [r3]
 289              		.loc 1 185 6 view .LVU86
 290 0022 14F0010F 		tst	r4, #1
 291 0026 1CD1     		bne	.L25
 186:Drivers/STM32H7xx_HAL_Driver/Src/stm32h7xx_hal_spi_ex.c ****   {
 187:Drivers/STM32H7xx_HAL_Driver/Src/stm32h7xx_hal_spi_ex.c ****     /* Configure Underrun fields */
 188:Drivers/STM32H7xx_HAL_Driver/Src/stm32h7xx_hal_spi_ex.c ****     MODIFY_REG(hspi->Instance->CFG1, SPI_CFG1_UDRDET, UnderrunDetection);
 292              		.loc 1 188 5 is_stmt 1 view .LVU87
 293 0028 9C68     		ldr	r4, [r3, #8]
 294 002a 24F4C054 		bic	r4, r4, #6144
 295 002e 2143     		orrs	r1, r1, r4
 296              	.LVL15:
 297              		.loc 1 188 5 is_stmt 0 view .LVU88
 298 0030 9960     		str	r1, [r3, #8]
 189:Drivers/STM32H7xx_HAL_Driver/Src/stm32h7xx_hal_spi_ex.c ****     MODIFY_REG(hspi->Instance->CFG1, SPI_CFG1_UDRCFG, UnderrunBehaviour);
 299              		.loc 1 189 5 is_stmt 1 view .LVU89
ARM GAS  C:\Users\root\AppData\Local\Temp\cc8SjJUc.s 			page 10


 300 0032 0168     		ldr	r1, [r0]
 301 0034 8B68     		ldr	r3, [r1, #8]
 302 0036 23F4C063 		bic	r3, r3, #1536
 303 003a 1A43     		orrs	r2, r2, r3
 304              	.LVL16:
 305              		.loc 1 189 5 is_stmt 0 view .LVU90
 306 003c 8A60     		str	r2, [r1, #8]
 307              	.L26:
 190:Drivers/STM32H7xx_HAL_Driver/Src/stm32h7xx_hal_spi_ex.c ****   }
 191:Drivers/STM32H7xx_HAL_Driver/Src/stm32h7xx_hal_spi_ex.c ****   else
 192:Drivers/STM32H7xx_HAL_Driver/Src/stm32h7xx_hal_spi_ex.c ****   {
 193:Drivers/STM32H7xx_HAL_Driver/Src/stm32h7xx_hal_spi_ex.c ****     /* Disable SPI peripheral */
 194:Drivers/STM32H7xx_HAL_Driver/Src/stm32h7xx_hal_spi_ex.c ****     __HAL_SPI_DISABLE(hspi);
 195:Drivers/STM32H7xx_HAL_Driver/Src/stm32h7xx_hal_spi_ex.c **** 
 196:Drivers/STM32H7xx_HAL_Driver/Src/stm32h7xx_hal_spi_ex.c ****     /* Configure Underrun fields */
 197:Drivers/STM32H7xx_HAL_Driver/Src/stm32h7xx_hal_spi_ex.c ****     MODIFY_REG(hspi->Instance->CFG1, SPI_CFG1_UDRDET, UnderrunDetection);
 198:Drivers/STM32H7xx_HAL_Driver/Src/stm32h7xx_hal_spi_ex.c ****     MODIFY_REG(hspi->Instance->CFG1, SPI_CFG1_UDRCFG, UnderrunBehaviour);
 199:Drivers/STM32H7xx_HAL_Driver/Src/stm32h7xx_hal_spi_ex.c **** 
 200:Drivers/STM32H7xx_HAL_Driver/Src/stm32h7xx_hal_spi_ex.c ****     /* Enable SPI peripheral */
 201:Drivers/STM32H7xx_HAL_Driver/Src/stm32h7xx_hal_spi_ex.c ****     __HAL_SPI_ENABLE(hspi);
 202:Drivers/STM32H7xx_HAL_Driver/Src/stm32h7xx_hal_spi_ex.c ****   }
 203:Drivers/STM32H7xx_HAL_Driver/Src/stm32h7xx_hal_spi_ex.c **** 
 204:Drivers/STM32H7xx_HAL_Driver/Src/stm32h7xx_hal_spi_ex.c **** 
 205:Drivers/STM32H7xx_HAL_Driver/Src/stm32h7xx_hal_spi_ex.c ****   hspi->State = HAL_SPI_STATE_READY;
 308              		.loc 1 205 3 is_stmt 1 view .LVU91
 309              		.loc 1 205 15 is_stmt 0 view .LVU92
 310 003e 0123     		movs	r3, #1
 311 0040 80F88130 		strb	r3, [r0, #129]
 206:Drivers/STM32H7xx_HAL_Driver/Src/stm32h7xx_hal_spi_ex.c ****   /* Process Unlocked */
 207:Drivers/STM32H7xx_HAL_Driver/Src/stm32h7xx_hal_spi_ex.c ****   __HAL_UNLOCK(hspi);
 312              		.loc 1 207 3 is_stmt 1 view .LVU93
 313              		.loc 1 207 3 view .LVU94
 314 0044 0023     		movs	r3, #0
 315 0046 80F88030 		strb	r3, [r0, #128]
 316              		.loc 1 207 3 view .LVU95
 208:Drivers/STM32H7xx_HAL_Driver/Src/stm32h7xx_hal_spi_ex.c ****   return errorcode;
 317              		.loc 1 208 3 view .LVU96
 318              		.loc 1 208 10 is_stmt 0 view .LVU97
 319 004a 1846     		mov	r0, r3
 320              	.LVL17:
 209:Drivers/STM32H7xx_HAL_Driver/Src/stm32h7xx_hal_spi_ex.c **** }
 321              		.loc 1 209 1 view .LVU98
 322 004c 5DF8044B 		ldr	r4, [sp], #4
 323              	.LCFI5:
 324              		.cfi_restore 4
 325              		.cfi_def_cfa_offset 0
 326 0050 7047     		bx	lr
 327              	.LVL18:
 328              	.L23:
 173:Drivers/STM32H7xx_HAL_Driver/Src/stm32h7xx_hal_spi_ex.c ****     hspi->State = HAL_SPI_STATE_READY;
 329              		.loc 1 173 5 is_stmt 1 view .LVU99
 174:Drivers/STM32H7xx_HAL_Driver/Src/stm32h7xx_hal_spi_ex.c ****     /* Process Unlocked */
 330              		.loc 1 174 5 view .LVU100
 174:Drivers/STM32H7xx_HAL_Driver/Src/stm32h7xx_hal_spi_ex.c ****     /* Process Unlocked */
 331              		.loc 1 174 17 is_stmt 0 view .LVU101
 332 0052 0123     		movs	r3, #1
 333 0054 80F88130 		strb	r3, [r0, #129]
ARM GAS  C:\Users\root\AppData\Local\Temp\cc8SjJUc.s 			page 11


 176:Drivers/STM32H7xx_HAL_Driver/Src/stm32h7xx_hal_spi_ex.c ****     return errorcode;
 334              		.loc 1 176 5 is_stmt 1 view .LVU102
 176:Drivers/STM32H7xx_HAL_Driver/Src/stm32h7xx_hal_spi_ex.c ****     return errorcode;
 335              		.loc 1 176 5 view .LVU103
 336 0058 0023     		movs	r3, #0
 337 005a 80F88030 		strb	r3, [r0, #128]
 176:Drivers/STM32H7xx_HAL_Driver/Src/stm32h7xx_hal_spi_ex.c ****     return errorcode;
 338              		.loc 1 176 5 view .LVU104
 177:Drivers/STM32H7xx_HAL_Driver/Src/stm32h7xx_hal_spi_ex.c ****   }
 339              		.loc 1 177 5 view .LVU105
 177:Drivers/STM32H7xx_HAL_Driver/Src/stm32h7xx_hal_spi_ex.c ****   }
 340              		.loc 1 177 12 is_stmt 0 view .LVU106
 341 005e 0220     		movs	r0, #2
 342              	.LVL19:
 177:Drivers/STM32H7xx_HAL_Driver/Src/stm32h7xx_hal_spi_ex.c ****   }
 343              		.loc 1 177 12 view .LVU107
 344 0060 7047     		bx	lr
 345              	.LVL20:
 346              	.L25:
 347              	.LCFI6:
 348              		.cfi_def_cfa_offset 4
 349              		.cfi_offset 4, -4
 194:Drivers/STM32H7xx_HAL_Driver/Src/stm32h7xx_hal_spi_ex.c **** 
 350              		.loc 1 194 5 is_stmt 1 view .LVU108
 351 0062 1C68     		ldr	r4, [r3]
 352 0064 24F00104 		bic	r4, r4, #1
 353 0068 1C60     		str	r4, [r3]
 197:Drivers/STM32H7xx_HAL_Driver/Src/stm32h7xx_hal_spi_ex.c ****     MODIFY_REG(hspi->Instance->CFG1, SPI_CFG1_UDRCFG, UnderrunBehaviour);
 354              		.loc 1 197 5 view .LVU109
 355 006a 0468     		ldr	r4, [r0]
 356 006c A368     		ldr	r3, [r4, #8]
 357 006e 23F4C053 		bic	r3, r3, #6144
 358 0072 1943     		orrs	r1, r1, r3
 359              	.LVL21:
 197:Drivers/STM32H7xx_HAL_Driver/Src/stm32h7xx_hal_spi_ex.c ****     MODIFY_REG(hspi->Instance->CFG1, SPI_CFG1_UDRCFG, UnderrunBehaviour);
 360              		.loc 1 197 5 is_stmt 0 view .LVU110
 361 0074 A160     		str	r1, [r4, #8]
 198:Drivers/STM32H7xx_HAL_Driver/Src/stm32h7xx_hal_spi_ex.c **** 
 362              		.loc 1 198 5 is_stmt 1 view .LVU111
 363 0076 0168     		ldr	r1, [r0]
 364 0078 8B68     		ldr	r3, [r1, #8]
 365 007a 23F4C063 		bic	r3, r3, #1536
 366 007e 1A43     		orrs	r2, r2, r3
 367              	.LVL22:
 198:Drivers/STM32H7xx_HAL_Driver/Src/stm32h7xx_hal_spi_ex.c **** 
 368              		.loc 1 198 5 is_stmt 0 view .LVU112
 369 0080 8A60     		str	r2, [r1, #8]
 201:Drivers/STM32H7xx_HAL_Driver/Src/stm32h7xx_hal_spi_ex.c ****   }
 370              		.loc 1 201 5 is_stmt 1 view .LVU113
 371 0082 0268     		ldr	r2, [r0]
 372 0084 1368     		ldr	r3, [r2]
 373 0086 43F00103 		orr	r3, r3, #1
 374 008a 1360     		str	r3, [r2]
 375 008c D7E7     		b	.L26
 376              	.LVL23:
 377              	.L27:
 378              	.LCFI7:
ARM GAS  C:\Users\root\AppData\Local\Temp\cc8SjJUc.s 			page 12


 379              		.cfi_def_cfa_offset 0
 380              		.cfi_restore 4
 168:Drivers/STM32H7xx_HAL_Driver/Src/stm32h7xx_hal_spi_ex.c **** 
 381              		.loc 1 168 3 is_stmt 0 view .LVU114
 382 008e 0220     		movs	r0, #2
 383              	.LVL24:
 384              		.loc 1 209 1 view .LVU115
 385 0090 7047     		bx	lr
 386              		.cfi_endproc
 387              	.LFE143:
 389              		.text
 390              	.Letext0:
 391              		.file 2 "c:\\program files (x86)\\gnu arm embedded toolchain\\9 2020-q2-update\\arm-none-eabi\\inc
 392              		.file 3 "c:\\program files (x86)\\gnu arm embedded toolchain\\9 2020-q2-update\\arm-none-eabi\\inc
 393              		.file 4 "Drivers/CMSIS/Include/core_cm7.h"
 394              		.file 5 "Drivers/CMSIS/Device/ST/STM32H7xx/Include/system_stm32h7xx.h"
 395              		.file 6 "Drivers/CMSIS/Device/ST/STM32H7xx/Include/stm32h743xx.h"
 396              		.file 7 "c:\\program files (x86)\\gnu arm embedded toolchain\\9 2020-q2-update\\lib\\gcc\\arm-none
 397              		.file 8 "c:\\program files (x86)\\gnu arm embedded toolchain\\9 2020-q2-update\\arm-none-eabi\\inc
 398              		.file 9 "c:\\program files (x86)\\gnu arm embedded toolchain\\9 2020-q2-update\\arm-none-eabi\\inc
 399              		.file 10 "c:\\program files (x86)\\gnu arm embedded toolchain\\9 2020-q2-update\\arm-none-eabi\\in
 400              		.file 11 "c:\\program files (x86)\\gnu arm embedded toolchain\\9 2020-q2-update\\arm-none-eabi\\in
 401              		.file 12 "Drivers/STM32H7xx_HAL_Driver/Inc/stm32h7xx_hal_def.h"
 402              		.file 13 "Drivers/STM32H7xx_HAL_Driver/Inc/stm32h7xx_hal_dma.h"
 403              		.file 14 "Drivers/STM32H7xx_HAL_Driver/Inc/stm32h7xx_hal_flash.h"
 404              		.file 15 "Drivers/STM32H7xx_HAL_Driver/Inc/stm32h7xx_hal_spi.h"
 405              		.file 16 "Drivers/STM32H7xx_HAL_Driver/Inc/stm32h7xx_hal_uart.h"
 406              		.file 17 "Drivers/STM32H7xx_HAL_Driver/Inc/stm32h7xx_hal.h"
ARM GAS  C:\Users\root\AppData\Local\Temp\cc8SjJUc.s 			page 13


DEFINED SYMBOLS
                            *ABS*:00000000 stm32h7xx_hal_spi_ex.c
C:\Users\root\AppData\Local\Temp\cc8SjJUc.s:17     .text.HAL_SPIEx_FlushRxFifo:00000000 $t
C:\Users\root\AppData\Local\Temp\cc8SjJUc.s:25     .text.HAL_SPIEx_FlushRxFifo:00000000 HAL_SPIEx_FlushRxFifo
C:\Users\root\AppData\Local\Temp\cc8SjJUc.s:130    .text.HAL_SPIEx_FlushRxFifo:00000054 $d
C:\Users\root\AppData\Local\Temp\cc8SjJUc.s:136    .text.HAL_SPIEx_EnableLockConfiguration:00000000 $t
C:\Users\root\AppData\Local\Temp\cc8SjJUc.s:143    .text.HAL_SPIEx_EnableLockConfiguration:00000000 HAL_SPIEx_EnableLockConfiguration
C:\Users\root\AppData\Local\Temp\cc8SjJUc.s:241    .text.HAL_SPIEx_ConfigureUnderrun:00000000 $t
C:\Users\root\AppData\Local\Temp\cc8SjJUc.s:248    .text.HAL_SPIEx_ConfigureUnderrun:00000000 HAL_SPIEx_ConfigureUnderrun

NO UNDEFINED SYMBOLS
