ARM GAS  C:\Users\root\AppData\Local\Temp\cc7ZXSMv.s 			page 1


   1              		.cpu cortex-m7
   2              		.eabi_attribute 28, 1
   3              		.eabi_attribute 20, 1
   4              		.eabi_attribute 21, 1
   5              		.eabi_attribute 23, 3
   6              		.eabi_attribute 24, 1
   7              		.eabi_attribute 25, 1
   8              		.eabi_attribute 26, 1
   9              		.eabi_attribute 30, 1
  10              		.eabi_attribute 34, 1
  11              		.eabi_attribute 18, 4
  12              		.file	"usart.c"
  13              		.text
  14              	.Ltext0:
  15              		.cfi_sections	.debug_frame
  16              		.section	.text.MX_USART1_UART_Init,"ax",%progbits
  17              		.align	1
  18              		.global	MX_USART1_UART_Init
  19              		.arch armv7e-m
  20              		.syntax unified
  21              		.thumb
  22              		.thumb_func
  23              		.fpu fpv5-d16
  25              	MX_USART1_UART_Init:
  26              	.LFB144:
  27              		.file 1 "Core/Src/usart.c"
   1:Core/Src/usart.c **** /**
   2:Core/Src/usart.c ****   ******************************************************************************
   3:Core/Src/usart.c ****   * File Name          : USART.c
   4:Core/Src/usart.c ****   * Description        : This file provides code for the configuration
   5:Core/Src/usart.c ****   *                      of the USART instances.
   6:Core/Src/usart.c ****   ******************************************************************************
   7:Core/Src/usart.c ****   * @attention
   8:Core/Src/usart.c ****   *
   9:Core/Src/usart.c ****   * <h2><center>&copy; Copyright (c) 2020 STMicroelectronics.
  10:Core/Src/usart.c ****   * All rights reserved.</center></h2>
  11:Core/Src/usart.c ****   *
  12:Core/Src/usart.c ****   * This software component is licensed by ST under BSD 3-Clause license,
  13:Core/Src/usart.c ****   * the "License"; You may not use this file except in compliance with the
  14:Core/Src/usart.c ****   * License. You may obtain a copy of the License at:
  15:Core/Src/usart.c ****   *                        opensource.org/licenses/BSD-3-Clause
  16:Core/Src/usart.c ****   *
  17:Core/Src/usart.c ****   ******************************************************************************
  18:Core/Src/usart.c ****   */
  19:Core/Src/usart.c **** 
  20:Core/Src/usart.c **** /* Includes ------------------------------------------------------------------*/
  21:Core/Src/usart.c **** #include "usart.h"
  22:Core/Src/usart.c **** 
  23:Core/Src/usart.c **** /* USER CODE BEGIN 0 */
  24:Core/Src/usart.c **** #include "stdio.h"
  25:Core/Src/usart.c **** /* USER CODE END 0 */
  26:Core/Src/usart.c **** 
  27:Core/Src/usart.c **** UART_HandleTypeDef huart1;
  28:Core/Src/usart.c **** UART_HandleTypeDef huart3;
  29:Core/Src/usart.c **** 
  30:Core/Src/usart.c **** /* USART1 init function */
  31:Core/Src/usart.c **** 
ARM GAS  C:\Users\root\AppData\Local\Temp\cc7ZXSMv.s 			page 2


  32:Core/Src/usart.c **** void MX_USART1_UART_Init(void)
  33:Core/Src/usart.c **** {
  28              		.loc 1 33 1 view -0
  29              		.cfi_startproc
  30              		@ args = 0, pretend = 0, frame = 0
  31              		@ frame_needed = 0, uses_anonymous_args = 0
  32 0000 08B5     		push	{r3, lr}
  33              	.LCFI0:
  34              		.cfi_def_cfa_offset 8
  35              		.cfi_offset 3, -8
  36              		.cfi_offset 14, -4
  34:Core/Src/usart.c **** 
  35:Core/Src/usart.c ****   huart1.Instance = USART1;
  37              		.loc 1 35 3 view .LVU1
  38              		.loc 1 35 19 is_stmt 0 view .LVU2
  39 0002 1748     		ldr	r0, .L11
  40 0004 174B     		ldr	r3, .L11+4
  41 0006 0360     		str	r3, [r0]
  36:Core/Src/usart.c ****   huart1.Init.BaudRate = 115200;
  42              		.loc 1 36 3 is_stmt 1 view .LVU3
  43              		.loc 1 36 24 is_stmt 0 view .LVU4
  44 0008 4FF4E133 		mov	r3, #115200
  45 000c 4360     		str	r3, [r0, #4]
  37:Core/Src/usart.c ****   huart1.Init.WordLength = UART_WORDLENGTH_8B;
  46              		.loc 1 37 3 is_stmt 1 view .LVU5
  47              		.loc 1 37 26 is_stmt 0 view .LVU6
  48 000e 0023     		movs	r3, #0
  49 0010 8360     		str	r3, [r0, #8]
  38:Core/Src/usart.c ****   huart1.Init.StopBits = UART_STOPBITS_1;
  50              		.loc 1 38 3 is_stmt 1 view .LVU7
  51              		.loc 1 38 24 is_stmt 0 view .LVU8
  52 0012 C360     		str	r3, [r0, #12]
  39:Core/Src/usart.c ****   huart1.Init.Parity = UART_PARITY_NONE;
  53              		.loc 1 39 3 is_stmt 1 view .LVU9
  54              		.loc 1 39 22 is_stmt 0 view .LVU10
  55 0014 0361     		str	r3, [r0, #16]
  40:Core/Src/usart.c ****   huart1.Init.Mode = UART_MODE_TX_RX;
  56              		.loc 1 40 3 is_stmt 1 view .LVU11
  57              		.loc 1 40 20 is_stmt 0 view .LVU12
  58 0016 0C22     		movs	r2, #12
  59 0018 4261     		str	r2, [r0, #20]
  41:Core/Src/usart.c ****   huart1.Init.HwFlowCtl = UART_HWCONTROL_NONE;
  60              		.loc 1 41 3 is_stmt 1 view .LVU13
  61              		.loc 1 41 25 is_stmt 0 view .LVU14
  62 001a 8361     		str	r3, [r0, #24]
  42:Core/Src/usart.c ****   huart1.Init.OverSampling = UART_OVERSAMPLING_16;
  63              		.loc 1 42 3 is_stmt 1 view .LVU15
  64              		.loc 1 42 28 is_stmt 0 view .LVU16
  65 001c C361     		str	r3, [r0, #28]
  43:Core/Src/usart.c ****   huart1.Init.OneBitSampling = UART_ONE_BIT_SAMPLE_DISABLE;
  66              		.loc 1 43 3 is_stmt 1 view .LVU17
  67              		.loc 1 43 30 is_stmt 0 view .LVU18
  68 001e 0362     		str	r3, [r0, #32]
  44:Core/Src/usart.c ****   huart1.Init.ClockPrescaler = UART_PRESCALER_DIV1;
  69              		.loc 1 44 3 is_stmt 1 view .LVU19
  70              		.loc 1 44 30 is_stmt 0 view .LVU20
  71 0020 4362     		str	r3, [r0, #36]
ARM GAS  C:\Users\root\AppData\Local\Temp\cc7ZXSMv.s 			page 3


  45:Core/Src/usart.c ****   huart1.AdvancedInit.AdvFeatureInit = UART_ADVFEATURE_NO_INIT;
  72              		.loc 1 45 3 is_stmt 1 view .LVU21
  73              		.loc 1 45 38 is_stmt 0 view .LVU22
  74 0022 8362     		str	r3, [r0, #40]
  46:Core/Src/usart.c ****   if (HAL_UART_Init(&huart1) != HAL_OK)
  75              		.loc 1 46 3 is_stmt 1 view .LVU23
  76              		.loc 1 46 7 is_stmt 0 view .LVU24
  77 0024 FFF7FEFF 		bl	HAL_UART_Init
  78              	.LVL0:
  79              		.loc 1 46 6 view .LVU25
  80 0028 70B9     		cbnz	r0, .L7
  81              	.L2:
  47:Core/Src/usart.c ****   {
  48:Core/Src/usart.c ****     Error_Handler();
  49:Core/Src/usart.c ****   }
  50:Core/Src/usart.c ****   if (HAL_UARTEx_SetTxFifoThreshold(&huart1, UART_TXFIFO_THRESHOLD_1_8) != HAL_OK)
  82              		.loc 1 50 3 is_stmt 1 view .LVU26
  83              		.loc 1 50 7 is_stmt 0 view .LVU27
  84 002a 0021     		movs	r1, #0
  85 002c 0C48     		ldr	r0, .L11
  86 002e FFF7FEFF 		bl	HAL_UARTEx_SetTxFifoThreshold
  87              	.LVL1:
  88              		.loc 1 50 6 view .LVU28
  89 0032 60B9     		cbnz	r0, .L8
  90              	.L3:
  51:Core/Src/usart.c ****   {
  52:Core/Src/usart.c ****     Error_Handler();
  53:Core/Src/usart.c ****   }
  54:Core/Src/usart.c ****   if (HAL_UARTEx_SetRxFifoThreshold(&huart1, UART_RXFIFO_THRESHOLD_1_8) != HAL_OK)
  91              		.loc 1 54 3 is_stmt 1 view .LVU29
  92              		.loc 1 54 7 is_stmt 0 view .LVU30
  93 0034 0021     		movs	r1, #0
  94 0036 0A48     		ldr	r0, .L11
  95 0038 FFF7FEFF 		bl	HAL_UARTEx_SetRxFifoThreshold
  96              	.LVL2:
  97              		.loc 1 54 6 view .LVU31
  98 003c 50B9     		cbnz	r0, .L9
  99              	.L4:
  55:Core/Src/usart.c ****   {
  56:Core/Src/usart.c ****     Error_Handler();
  57:Core/Src/usart.c ****   }
  58:Core/Src/usart.c ****   if (HAL_UARTEx_DisableFifoMode(&huart1) != HAL_OK)
 100              		.loc 1 58 3 is_stmt 1 view .LVU32
 101              		.loc 1 58 7 is_stmt 0 view .LVU33
 102 003e 0848     		ldr	r0, .L11
 103 0040 FFF7FEFF 		bl	HAL_UARTEx_DisableFifoMode
 104              	.LVL3:
 105              		.loc 1 58 6 view .LVU34
 106 0044 48B9     		cbnz	r0, .L10
 107              	.L1:
  59:Core/Src/usart.c ****   {
  60:Core/Src/usart.c ****     Error_Handler();
  61:Core/Src/usart.c ****   }
  62:Core/Src/usart.c **** 
  63:Core/Src/usart.c **** }
 108              		.loc 1 63 1 view .LVU35
 109 0046 08BD     		pop	{r3, pc}
ARM GAS  C:\Users\root\AppData\Local\Temp\cc7ZXSMv.s 			page 4


 110              	.L7:
  48:Core/Src/usart.c ****   }
 111              		.loc 1 48 5 is_stmt 1 view .LVU36
 112 0048 FFF7FEFF 		bl	Error_Handler
 113              	.LVL4:
 114 004c EDE7     		b	.L2
 115              	.L8:
  52:Core/Src/usart.c ****   }
 116              		.loc 1 52 5 view .LVU37
 117 004e FFF7FEFF 		bl	Error_Handler
 118              	.LVL5:
 119 0052 EFE7     		b	.L3
 120              	.L9:
  56:Core/Src/usart.c ****   }
 121              		.loc 1 56 5 view .LVU38
 122 0054 FFF7FEFF 		bl	Error_Handler
 123              	.LVL6:
 124 0058 F1E7     		b	.L4
 125              	.L10:
  60:Core/Src/usart.c ****   }
 126              		.loc 1 60 5 view .LVU39
 127 005a FFF7FEFF 		bl	Error_Handler
 128              	.LVL7:
 129              		.loc 1 63 1 is_stmt 0 view .LVU40
 130 005e F2E7     		b	.L1
 131              	.L12:
 132              		.align	2
 133              	.L11:
 134 0060 00000000 		.word	huart1
 135 0064 00100140 		.word	1073811456
 136              		.cfi_endproc
 137              	.LFE144:
 139              		.section	.text.MX_USART3_UART_Init,"ax",%progbits
 140              		.align	1
 141              		.global	MX_USART3_UART_Init
 142              		.syntax unified
 143              		.thumb
 144              		.thumb_func
 145              		.fpu fpv5-d16
 147              	MX_USART3_UART_Init:
 148              	.LFB145:
  64:Core/Src/usart.c **** /* USART3 init function */
  65:Core/Src/usart.c **** 
  66:Core/Src/usart.c **** void MX_USART3_UART_Init(void)
  67:Core/Src/usart.c **** {
 149              		.loc 1 67 1 is_stmt 1 view -0
 150              		.cfi_startproc
 151              		@ args = 0, pretend = 0, frame = 0
 152              		@ frame_needed = 0, uses_anonymous_args = 0
 153 0000 08B5     		push	{r3, lr}
 154              	.LCFI1:
 155              		.cfi_def_cfa_offset 8
 156              		.cfi_offset 3, -8
 157              		.cfi_offset 14, -4
  68:Core/Src/usart.c **** 
  69:Core/Src/usart.c ****   huart3.Instance = USART3;
 158              		.loc 1 69 3 view .LVU42
ARM GAS  C:\Users\root\AppData\Local\Temp\cc7ZXSMv.s 			page 5


 159              		.loc 1 69 19 is_stmt 0 view .LVU43
 160 0002 1748     		ldr	r0, .L23
 161 0004 174B     		ldr	r3, .L23+4
 162 0006 0360     		str	r3, [r0]
  70:Core/Src/usart.c ****   huart3.Init.BaudRate = 115200;
 163              		.loc 1 70 3 is_stmt 1 view .LVU44
 164              		.loc 1 70 24 is_stmt 0 view .LVU45
 165 0008 4FF4E133 		mov	r3, #115200
 166 000c 4360     		str	r3, [r0, #4]
  71:Core/Src/usart.c ****   huart3.Init.WordLength = UART_WORDLENGTH_8B;
 167              		.loc 1 71 3 is_stmt 1 view .LVU46
 168              		.loc 1 71 26 is_stmt 0 view .LVU47
 169 000e 0023     		movs	r3, #0
 170 0010 8360     		str	r3, [r0, #8]
  72:Core/Src/usart.c ****   huart3.Init.StopBits = UART_STOPBITS_1;
 171              		.loc 1 72 3 is_stmt 1 view .LVU48
 172              		.loc 1 72 24 is_stmt 0 view .LVU49
 173 0012 C360     		str	r3, [r0, #12]
  73:Core/Src/usart.c ****   huart3.Init.Parity = UART_PARITY_NONE;
 174              		.loc 1 73 3 is_stmt 1 view .LVU50
 175              		.loc 1 73 22 is_stmt 0 view .LVU51
 176 0014 0361     		str	r3, [r0, #16]
  74:Core/Src/usart.c ****   huart3.Init.Mode = UART_MODE_TX_RX;
 177              		.loc 1 74 3 is_stmt 1 view .LVU52
 178              		.loc 1 74 20 is_stmt 0 view .LVU53
 179 0016 0C22     		movs	r2, #12
 180 0018 4261     		str	r2, [r0, #20]
  75:Core/Src/usart.c ****   huart3.Init.HwFlowCtl = UART_HWCONTROL_NONE;
 181              		.loc 1 75 3 is_stmt 1 view .LVU54
 182              		.loc 1 75 25 is_stmt 0 view .LVU55
 183 001a 8361     		str	r3, [r0, #24]
  76:Core/Src/usart.c ****   huart3.Init.OverSampling = UART_OVERSAMPLING_16;
 184              		.loc 1 76 3 is_stmt 1 view .LVU56
 185              		.loc 1 76 28 is_stmt 0 view .LVU57
 186 001c C361     		str	r3, [r0, #28]
  77:Core/Src/usart.c ****   huart3.Init.OneBitSampling = UART_ONE_BIT_SAMPLE_DISABLE;
 187              		.loc 1 77 3 is_stmt 1 view .LVU58
 188              		.loc 1 77 30 is_stmt 0 view .LVU59
 189 001e 0362     		str	r3, [r0, #32]
  78:Core/Src/usart.c ****   huart3.Init.ClockPrescaler = UART_PRESCALER_DIV1;
 190              		.loc 1 78 3 is_stmt 1 view .LVU60
 191              		.loc 1 78 30 is_stmt 0 view .LVU61
 192 0020 4362     		str	r3, [r0, #36]
  79:Core/Src/usart.c ****   huart3.AdvancedInit.AdvFeatureInit = UART_ADVFEATURE_NO_INIT;
 193              		.loc 1 79 3 is_stmt 1 view .LVU62
 194              		.loc 1 79 38 is_stmt 0 view .LVU63
 195 0022 8362     		str	r3, [r0, #40]
  80:Core/Src/usart.c ****   if (HAL_UART_Init(&huart3) != HAL_OK)
 196              		.loc 1 80 3 is_stmt 1 view .LVU64
 197              		.loc 1 80 7 is_stmt 0 view .LVU65
 198 0024 FFF7FEFF 		bl	HAL_UART_Init
 199              	.LVL8:
 200              		.loc 1 80 6 view .LVU66
 201 0028 70B9     		cbnz	r0, .L19
 202              	.L14:
  81:Core/Src/usart.c ****   {
  82:Core/Src/usart.c ****     Error_Handler();
ARM GAS  C:\Users\root\AppData\Local\Temp\cc7ZXSMv.s 			page 6


  83:Core/Src/usart.c ****   }
  84:Core/Src/usart.c ****   if (HAL_UARTEx_SetTxFifoThreshold(&huart3, UART_TXFIFO_THRESHOLD_1_8) != HAL_OK)
 203              		.loc 1 84 3 is_stmt 1 view .LVU67
 204              		.loc 1 84 7 is_stmt 0 view .LVU68
 205 002a 0021     		movs	r1, #0
 206 002c 0C48     		ldr	r0, .L23
 207 002e FFF7FEFF 		bl	HAL_UARTEx_SetTxFifoThreshold
 208              	.LVL9:
 209              		.loc 1 84 6 view .LVU69
 210 0032 60B9     		cbnz	r0, .L20
 211              	.L15:
  85:Core/Src/usart.c ****   {
  86:Core/Src/usart.c ****     Error_Handler();
  87:Core/Src/usart.c ****   }
  88:Core/Src/usart.c ****   if (HAL_UARTEx_SetRxFifoThreshold(&huart3, UART_RXFIFO_THRESHOLD_1_8) != HAL_OK)
 212              		.loc 1 88 3 is_stmt 1 view .LVU70
 213              		.loc 1 88 7 is_stmt 0 view .LVU71
 214 0034 0021     		movs	r1, #0
 215 0036 0A48     		ldr	r0, .L23
 216 0038 FFF7FEFF 		bl	HAL_UARTEx_SetRxFifoThreshold
 217              	.LVL10:
 218              		.loc 1 88 6 view .LVU72
 219 003c 50B9     		cbnz	r0, .L21
 220              	.L16:
  89:Core/Src/usart.c ****   {
  90:Core/Src/usart.c ****     Error_Handler();
  91:Core/Src/usart.c ****   }
  92:Core/Src/usart.c ****   if (HAL_UARTEx_DisableFifoMode(&huart3) != HAL_OK)
 221              		.loc 1 92 3 is_stmt 1 view .LVU73
 222              		.loc 1 92 7 is_stmt 0 view .LVU74
 223 003e 0848     		ldr	r0, .L23
 224 0040 FFF7FEFF 		bl	HAL_UARTEx_DisableFifoMode
 225              	.LVL11:
 226              		.loc 1 92 6 view .LVU75
 227 0044 48B9     		cbnz	r0, .L22
 228              	.L13:
  93:Core/Src/usart.c ****   {
  94:Core/Src/usart.c ****     Error_Handler();
  95:Core/Src/usart.c ****   }
  96:Core/Src/usart.c **** 
  97:Core/Src/usart.c **** }
 229              		.loc 1 97 1 view .LVU76
 230 0046 08BD     		pop	{r3, pc}
 231              	.L19:
  82:Core/Src/usart.c ****   }
 232              		.loc 1 82 5 is_stmt 1 view .LVU77
 233 0048 FFF7FEFF 		bl	Error_Handler
 234              	.LVL12:
 235 004c EDE7     		b	.L14
 236              	.L20:
  86:Core/Src/usart.c ****   }
 237              		.loc 1 86 5 view .LVU78
 238 004e FFF7FEFF 		bl	Error_Handler
 239              	.LVL13:
 240 0052 EFE7     		b	.L15
 241              	.L21:
  90:Core/Src/usart.c ****   }
ARM GAS  C:\Users\root\AppData\Local\Temp\cc7ZXSMv.s 			page 7


 242              		.loc 1 90 5 view .LVU79
 243 0054 FFF7FEFF 		bl	Error_Handler
 244              	.LVL14:
 245 0058 F1E7     		b	.L16
 246              	.L22:
  94:Core/Src/usart.c ****   }
 247              		.loc 1 94 5 view .LVU80
 248 005a FFF7FEFF 		bl	Error_Handler
 249              	.LVL15:
 250              		.loc 1 97 1 is_stmt 0 view .LVU81
 251 005e F2E7     		b	.L13
 252              	.L24:
 253              		.align	2
 254              	.L23:
 255 0060 00000000 		.word	huart3
 256 0064 00480040 		.word	1073760256
 257              		.cfi_endproc
 258              	.LFE145:
 260              		.section	.text.HAL_UART_MspInit,"ax",%progbits
 261              		.align	1
 262              		.global	HAL_UART_MspInit
 263              		.syntax unified
 264              		.thumb
 265              		.thumb_func
 266              		.fpu fpv5-d16
 268              	HAL_UART_MspInit:
 269              	.LVL16:
 270              	.LFB146:
  98:Core/Src/usart.c **** 
  99:Core/Src/usart.c **** void HAL_UART_MspInit(UART_HandleTypeDef* uartHandle)
 100:Core/Src/usart.c **** {
 271              		.loc 1 100 1 is_stmt 1 view -0
 272              		.cfi_startproc
 273              		@ args = 0, pretend = 0, frame = 40
 274              		@ frame_needed = 0, uses_anonymous_args = 0
 275              		.loc 1 100 1 is_stmt 0 view .LVU83
 276 0000 10B5     		push	{r4, lr}
 277              	.LCFI2:
 278              		.cfi_def_cfa_offset 8
 279              		.cfi_offset 4, -8
 280              		.cfi_offset 14, -4
 281 0002 8AB0     		sub	sp, sp, #40
 282              	.LCFI3:
 283              		.cfi_def_cfa_offset 48
 101:Core/Src/usart.c **** 
 102:Core/Src/usart.c ****   GPIO_InitTypeDef GPIO_InitStruct = {0};
 284              		.loc 1 102 3 is_stmt 1 view .LVU84
 285              		.loc 1 102 20 is_stmt 0 view .LVU85
 286 0004 0023     		movs	r3, #0
 287 0006 0593     		str	r3, [sp, #20]
 288 0008 0693     		str	r3, [sp, #24]
 289 000a 0793     		str	r3, [sp, #28]
 290 000c 0893     		str	r3, [sp, #32]
 291 000e 0993     		str	r3, [sp, #36]
 103:Core/Src/usart.c ****   if(uartHandle->Instance==USART1)
 292              		.loc 1 103 3 is_stmt 1 view .LVU86
 293              		.loc 1 103 16 is_stmt 0 view .LVU87
ARM GAS  C:\Users\root\AppData\Local\Temp\cc7ZXSMv.s 			page 8


 294 0010 0368     		ldr	r3, [r0]
 295              		.loc 1 103 5 view .LVU88
 296 0012 344A     		ldr	r2, .L31
 297 0014 9342     		cmp	r3, r2
 298 0016 04D0     		beq	.L29
 104:Core/Src/usart.c ****   {
 105:Core/Src/usart.c ****   /* USER CODE BEGIN USART1_MspInit 0 */
 106:Core/Src/usart.c **** 
 107:Core/Src/usart.c ****   /* USER CODE END USART1_MspInit 0 */
 108:Core/Src/usart.c ****     /* USART1 clock enable */
 109:Core/Src/usart.c ****     __HAL_RCC_USART1_CLK_ENABLE();
 110:Core/Src/usart.c **** 
 111:Core/Src/usart.c ****     __HAL_RCC_GPIOA_CLK_ENABLE();
 112:Core/Src/usart.c ****     /**USART1 GPIO Configuration
 113:Core/Src/usart.c ****     PA9     ------> USART1_TX
 114:Core/Src/usart.c ****     PA10     ------> USART1_RX
 115:Core/Src/usart.c ****     */
 116:Core/Src/usart.c ****     GPIO_InitStruct.Pin = GPIO_PIN_9|GPIO_PIN_10;
 117:Core/Src/usart.c ****     GPIO_InitStruct.Mode = GPIO_MODE_AF_PP;
 118:Core/Src/usart.c ****     GPIO_InitStruct.Pull = GPIO_NOPULL;
 119:Core/Src/usart.c ****     GPIO_InitStruct.Speed = GPIO_SPEED_FREQ_LOW;
 120:Core/Src/usart.c ****     GPIO_InitStruct.Alternate = GPIO_AF7_USART1;
 121:Core/Src/usart.c ****     HAL_GPIO_Init(GPIOA, &GPIO_InitStruct);
 122:Core/Src/usart.c **** 
 123:Core/Src/usart.c ****     /* USART1 interrupt Init */
 124:Core/Src/usart.c ****     HAL_NVIC_SetPriority(USART1_IRQn, 0, 0);
 125:Core/Src/usart.c ****     HAL_NVIC_EnableIRQ(USART1_IRQn);
 126:Core/Src/usart.c ****   /* USER CODE BEGIN USART1_MspInit 1 */
 127:Core/Src/usart.c **** 
 128:Core/Src/usart.c ****   /* USER CODE END USART1_MspInit 1 */
 129:Core/Src/usart.c ****   }
 130:Core/Src/usart.c ****   else if(uartHandle->Instance==USART3)
 299              		.loc 1 130 8 is_stmt 1 view .LVU89
 300              		.loc 1 130 10 is_stmt 0 view .LVU90
 301 0018 334A     		ldr	r2, .L31+4
 302 001a 9342     		cmp	r3, r2
 303 001c 31D0     		beq	.L30
 304              	.LVL17:
 305              	.L25:
 131:Core/Src/usart.c ****   {
 132:Core/Src/usart.c ****   /* USER CODE BEGIN USART3_MspInit 0 */
 133:Core/Src/usart.c **** 
 134:Core/Src/usart.c ****   /* USER CODE END USART3_MspInit 0 */
 135:Core/Src/usart.c ****     /* USART3 clock enable */
 136:Core/Src/usart.c ****     __HAL_RCC_USART3_CLK_ENABLE();
 137:Core/Src/usart.c **** 
 138:Core/Src/usart.c ****     __HAL_RCC_GPIOB_CLK_ENABLE();
 139:Core/Src/usart.c ****     /**USART3 GPIO Configuration
 140:Core/Src/usart.c ****     PB10     ------> USART3_TX
 141:Core/Src/usart.c ****     PB11     ------> USART3_RX
 142:Core/Src/usart.c ****     */
 143:Core/Src/usart.c ****     GPIO_InitStruct.Pin = GPIO_PIN_10|GPIO_PIN_11;
 144:Core/Src/usart.c ****     GPIO_InitStruct.Mode = GPIO_MODE_AF_PP;
 145:Core/Src/usart.c ****     GPIO_InitStruct.Pull = GPIO_NOPULL;
 146:Core/Src/usart.c ****     GPIO_InitStruct.Speed = GPIO_SPEED_FREQ_LOW;
 147:Core/Src/usart.c ****     GPIO_InitStruct.Alternate = GPIO_AF7_USART3;
 148:Core/Src/usart.c ****     HAL_GPIO_Init(GPIOB, &GPIO_InitStruct);
ARM GAS  C:\Users\root\AppData\Local\Temp\cc7ZXSMv.s 			page 9


 149:Core/Src/usart.c **** 
 150:Core/Src/usart.c ****     /* USART3 interrupt Init */
 151:Core/Src/usart.c ****     HAL_NVIC_SetPriority(USART3_IRQn, 0, 0);
 152:Core/Src/usart.c ****     HAL_NVIC_EnableIRQ(USART3_IRQn);
 153:Core/Src/usart.c ****   /* USER CODE BEGIN USART3_MspInit 1 */
 154:Core/Src/usart.c **** 
 155:Core/Src/usart.c ****   /* USER CODE END USART3_MspInit 1 */
 156:Core/Src/usart.c ****   }
 157:Core/Src/usart.c **** }
 306              		.loc 1 157 1 view .LVU91
 307 001e 0AB0     		add	sp, sp, #40
 308              	.LCFI4:
 309              		.cfi_remember_state
 310              		.cfi_def_cfa_offset 8
 311              		@ sp needed
 312 0020 10BD     		pop	{r4, pc}
 313              	.LVL18:
 314              	.L29:
 315              	.LCFI5:
 316              		.cfi_restore_state
 109:Core/Src/usart.c **** 
 317              		.loc 1 109 5 is_stmt 1 view .LVU92
 318              	.LBB2:
 109:Core/Src/usart.c **** 
 319              		.loc 1 109 5 view .LVU93
 109:Core/Src/usart.c **** 
 320              		.loc 1 109 5 view .LVU94
 321 0022 324B     		ldr	r3, .L31+8
 322 0024 D3F8F020 		ldr	r2, [r3, #240]
 323 0028 42F01002 		orr	r2, r2, #16
 324 002c C3F8F020 		str	r2, [r3, #240]
 109:Core/Src/usart.c **** 
 325              		.loc 1 109 5 view .LVU95
 326 0030 D3F8F020 		ldr	r2, [r3, #240]
 327 0034 02F01002 		and	r2, r2, #16
 328 0038 0192     		str	r2, [sp, #4]
 109:Core/Src/usart.c **** 
 329              		.loc 1 109 5 view .LVU96
 330 003a 019A     		ldr	r2, [sp, #4]
 331              	.LBE2:
 109:Core/Src/usart.c **** 
 332              		.loc 1 109 5 view .LVU97
 111:Core/Src/usart.c ****     /**USART1 GPIO Configuration
 333              		.loc 1 111 5 view .LVU98
 334              	.LBB3:
 111:Core/Src/usart.c ****     /**USART1 GPIO Configuration
 335              		.loc 1 111 5 view .LVU99
 111:Core/Src/usart.c ****     /**USART1 GPIO Configuration
 336              		.loc 1 111 5 view .LVU100
 337 003c D3F8E020 		ldr	r2, [r3, #224]
 338 0040 42F00102 		orr	r2, r2, #1
 339 0044 C3F8E020 		str	r2, [r3, #224]
 111:Core/Src/usart.c ****     /**USART1 GPIO Configuration
 340              		.loc 1 111 5 view .LVU101
 341 0048 D3F8E030 		ldr	r3, [r3, #224]
 342 004c 03F00103 		and	r3, r3, #1
 343 0050 0293     		str	r3, [sp, #8]
ARM GAS  C:\Users\root\AppData\Local\Temp\cc7ZXSMv.s 			page 10


 111:Core/Src/usart.c ****     /**USART1 GPIO Configuration
 344              		.loc 1 111 5 view .LVU102
 345 0052 029B     		ldr	r3, [sp, #8]
 346              	.LBE3:
 111:Core/Src/usart.c ****     /**USART1 GPIO Configuration
 347              		.loc 1 111 5 view .LVU103
 116:Core/Src/usart.c ****     GPIO_InitStruct.Mode = GPIO_MODE_AF_PP;
 348              		.loc 1 116 5 view .LVU104
 116:Core/Src/usart.c ****     GPIO_InitStruct.Mode = GPIO_MODE_AF_PP;
 349              		.loc 1 116 25 is_stmt 0 view .LVU105
 350 0054 4FF4C063 		mov	r3, #1536
 351 0058 0593     		str	r3, [sp, #20]
 117:Core/Src/usart.c ****     GPIO_InitStruct.Pull = GPIO_NOPULL;
 352              		.loc 1 117 5 is_stmt 1 view .LVU106
 117:Core/Src/usart.c ****     GPIO_InitStruct.Pull = GPIO_NOPULL;
 353              		.loc 1 117 26 is_stmt 0 view .LVU107
 354 005a 0223     		movs	r3, #2
 355 005c 0693     		str	r3, [sp, #24]
 118:Core/Src/usart.c ****     GPIO_InitStruct.Speed = GPIO_SPEED_FREQ_LOW;
 356              		.loc 1 118 5 is_stmt 1 view .LVU108
 118:Core/Src/usart.c ****     GPIO_InitStruct.Speed = GPIO_SPEED_FREQ_LOW;
 357              		.loc 1 118 26 is_stmt 0 view .LVU109
 358 005e 0024     		movs	r4, #0
 359 0060 0794     		str	r4, [sp, #28]
 119:Core/Src/usart.c ****     GPIO_InitStruct.Alternate = GPIO_AF7_USART1;
 360              		.loc 1 119 5 is_stmt 1 view .LVU110
 119:Core/Src/usart.c ****     GPIO_InitStruct.Alternate = GPIO_AF7_USART1;
 361              		.loc 1 119 27 is_stmt 0 view .LVU111
 362 0062 0894     		str	r4, [sp, #32]
 120:Core/Src/usart.c ****     HAL_GPIO_Init(GPIOA, &GPIO_InitStruct);
 363              		.loc 1 120 5 is_stmt 1 view .LVU112
 120:Core/Src/usart.c ****     HAL_GPIO_Init(GPIOA, &GPIO_InitStruct);
 364              		.loc 1 120 31 is_stmt 0 view .LVU113
 365 0064 0723     		movs	r3, #7
 366 0066 0993     		str	r3, [sp, #36]
 121:Core/Src/usart.c **** 
 367              		.loc 1 121 5 is_stmt 1 view .LVU114
 368 0068 05A9     		add	r1, sp, #20
 369 006a 2148     		ldr	r0, .L31+12
 370              	.LVL19:
 121:Core/Src/usart.c **** 
 371              		.loc 1 121 5 is_stmt 0 view .LVU115
 372 006c FFF7FEFF 		bl	HAL_GPIO_Init
 373              	.LVL20:
 124:Core/Src/usart.c ****     HAL_NVIC_EnableIRQ(USART1_IRQn);
 374              		.loc 1 124 5 is_stmt 1 view .LVU116
 375 0070 2246     		mov	r2, r4
 376 0072 2146     		mov	r1, r4
 377 0074 2520     		movs	r0, #37
 378 0076 FFF7FEFF 		bl	HAL_NVIC_SetPriority
 379              	.LVL21:
 125:Core/Src/usart.c ****   /* USER CODE BEGIN USART1_MspInit 1 */
 380              		.loc 1 125 5 view .LVU117
 381 007a 2520     		movs	r0, #37
 382 007c FFF7FEFF 		bl	HAL_NVIC_EnableIRQ
 383              	.LVL22:
 384 0080 CDE7     		b	.L25
ARM GAS  C:\Users\root\AppData\Local\Temp\cc7ZXSMv.s 			page 11


 385              	.LVL23:
 386              	.L30:
 136:Core/Src/usart.c **** 
 387              		.loc 1 136 5 view .LVU118
 388              	.LBB4:
 136:Core/Src/usart.c **** 
 389              		.loc 1 136 5 view .LVU119
 136:Core/Src/usart.c **** 
 390              		.loc 1 136 5 view .LVU120
 391 0082 1A4B     		ldr	r3, .L31+8
 392 0084 D3F8E820 		ldr	r2, [r3, #232]
 393 0088 42F48022 		orr	r2, r2, #262144
 394 008c C3F8E820 		str	r2, [r3, #232]
 136:Core/Src/usart.c **** 
 395              		.loc 1 136 5 view .LVU121
 396 0090 D3F8E820 		ldr	r2, [r3, #232]
 397 0094 02F48022 		and	r2, r2, #262144
 398 0098 0392     		str	r2, [sp, #12]
 136:Core/Src/usart.c **** 
 399              		.loc 1 136 5 view .LVU122
 400 009a 039A     		ldr	r2, [sp, #12]
 401              	.LBE4:
 136:Core/Src/usart.c **** 
 402              		.loc 1 136 5 view .LVU123
 138:Core/Src/usart.c ****     /**USART3 GPIO Configuration
 403              		.loc 1 138 5 view .LVU124
 404              	.LBB5:
 138:Core/Src/usart.c ****     /**USART3 GPIO Configuration
 405              		.loc 1 138 5 view .LVU125
 138:Core/Src/usart.c ****     /**USART3 GPIO Configuration
 406              		.loc 1 138 5 view .LVU126
 407 009c D3F8E020 		ldr	r2, [r3, #224]
 408 00a0 42F00202 		orr	r2, r2, #2
 409 00a4 C3F8E020 		str	r2, [r3, #224]
 138:Core/Src/usart.c ****     /**USART3 GPIO Configuration
 410              		.loc 1 138 5 view .LVU127
 411 00a8 D3F8E030 		ldr	r3, [r3, #224]
 412 00ac 03F00203 		and	r3, r3, #2
 413 00b0 0493     		str	r3, [sp, #16]
 138:Core/Src/usart.c ****     /**USART3 GPIO Configuration
 414              		.loc 1 138 5 view .LVU128
 415 00b2 049B     		ldr	r3, [sp, #16]
 416              	.LBE5:
 138:Core/Src/usart.c ****     /**USART3 GPIO Configuration
 417              		.loc 1 138 5 view .LVU129
 143:Core/Src/usart.c ****     GPIO_InitStruct.Mode = GPIO_MODE_AF_PP;
 418              		.loc 1 143 5 view .LVU130
 143:Core/Src/usart.c ****     GPIO_InitStruct.Mode = GPIO_MODE_AF_PP;
 419              		.loc 1 143 25 is_stmt 0 view .LVU131
 420 00b4 4FF44063 		mov	r3, #3072
 421 00b8 0593     		str	r3, [sp, #20]
 144:Core/Src/usart.c ****     GPIO_InitStruct.Pull = GPIO_NOPULL;
 422              		.loc 1 144 5 is_stmt 1 view .LVU132
 144:Core/Src/usart.c ****     GPIO_InitStruct.Pull = GPIO_NOPULL;
 423              		.loc 1 144 26 is_stmt 0 view .LVU133
 424 00ba 0223     		movs	r3, #2
 425 00bc 0693     		str	r3, [sp, #24]
ARM GAS  C:\Users\root\AppData\Local\Temp\cc7ZXSMv.s 			page 12


 145:Core/Src/usart.c ****     GPIO_InitStruct.Speed = GPIO_SPEED_FREQ_LOW;
 426              		.loc 1 145 5 is_stmt 1 view .LVU134
 145:Core/Src/usart.c ****     GPIO_InitStruct.Speed = GPIO_SPEED_FREQ_LOW;
 427              		.loc 1 145 26 is_stmt 0 view .LVU135
 428 00be 0024     		movs	r4, #0
 429 00c0 0794     		str	r4, [sp, #28]
 146:Core/Src/usart.c ****     GPIO_InitStruct.Alternate = GPIO_AF7_USART3;
 430              		.loc 1 146 5 is_stmt 1 view .LVU136
 146:Core/Src/usart.c ****     GPIO_InitStruct.Alternate = GPIO_AF7_USART3;
 431              		.loc 1 146 27 is_stmt 0 view .LVU137
 432 00c2 0894     		str	r4, [sp, #32]
 147:Core/Src/usart.c ****     HAL_GPIO_Init(GPIOB, &GPIO_InitStruct);
 433              		.loc 1 147 5 is_stmt 1 view .LVU138
 147:Core/Src/usart.c ****     HAL_GPIO_Init(GPIOB, &GPIO_InitStruct);
 434              		.loc 1 147 31 is_stmt 0 view .LVU139
 435 00c4 0723     		movs	r3, #7
 436 00c6 0993     		str	r3, [sp, #36]
 148:Core/Src/usart.c **** 
 437              		.loc 1 148 5 is_stmt 1 view .LVU140
 438 00c8 05A9     		add	r1, sp, #20
 439 00ca 0A48     		ldr	r0, .L31+16
 440              	.LVL24:
 148:Core/Src/usart.c **** 
 441              		.loc 1 148 5 is_stmt 0 view .LVU141
 442 00cc FFF7FEFF 		bl	HAL_GPIO_Init
 443              	.LVL25:
 151:Core/Src/usart.c ****     HAL_NVIC_EnableIRQ(USART3_IRQn);
 444              		.loc 1 151 5 is_stmt 1 view .LVU142
 445 00d0 2246     		mov	r2, r4
 446 00d2 2146     		mov	r1, r4
 447 00d4 2720     		movs	r0, #39
 448 00d6 FFF7FEFF 		bl	HAL_NVIC_SetPriority
 449              	.LVL26:
 152:Core/Src/usart.c ****   /* USER CODE BEGIN USART3_MspInit 1 */
 450              		.loc 1 152 5 view .LVU143
 451 00da 2720     		movs	r0, #39
 452 00dc FFF7FEFF 		bl	HAL_NVIC_EnableIRQ
 453              	.LVL27:
 454              		.loc 1 157 1 is_stmt 0 view .LVU144
 455 00e0 9DE7     		b	.L25
 456              	.L32:
 457 00e2 00BF     		.align	2
 458              	.L31:
 459 00e4 00100140 		.word	1073811456
 460 00e8 00480040 		.word	1073760256
 461 00ec 00440258 		.word	1476543488
 462 00f0 00000258 		.word	1476526080
 463 00f4 00040258 		.word	1476527104
 464              		.cfi_endproc
 465              	.LFE146:
 467              		.section	.text.HAL_UART_MspDeInit,"ax",%progbits
 468              		.align	1
 469              		.global	HAL_UART_MspDeInit
 470              		.syntax unified
 471              		.thumb
 472              		.thumb_func
 473              		.fpu fpv5-d16
ARM GAS  C:\Users\root\AppData\Local\Temp\cc7ZXSMv.s 			page 13


 475              	HAL_UART_MspDeInit:
 476              	.LVL28:
 477              	.LFB147:
 158:Core/Src/usart.c **** 
 159:Core/Src/usart.c **** void HAL_UART_MspDeInit(UART_HandleTypeDef* uartHandle)
 160:Core/Src/usart.c **** {
 478              		.loc 1 160 1 is_stmt 1 view -0
 479              		.cfi_startproc
 480              		@ args = 0, pretend = 0, frame = 0
 481              		@ frame_needed = 0, uses_anonymous_args = 0
 482              		.loc 1 160 1 is_stmt 0 view .LVU146
 483 0000 08B5     		push	{r3, lr}
 484              	.LCFI6:
 485              		.cfi_def_cfa_offset 8
 486              		.cfi_offset 3, -8
 487              		.cfi_offset 14, -4
 161:Core/Src/usart.c **** 
 162:Core/Src/usart.c ****   if(uartHandle->Instance==USART1)
 488              		.loc 1 162 3 is_stmt 1 view .LVU147
 489              		.loc 1 162 16 is_stmt 0 view .LVU148
 490 0002 0368     		ldr	r3, [r0]
 491              		.loc 1 162 5 view .LVU149
 492 0004 134A     		ldr	r2, .L39
 493 0006 9342     		cmp	r3, r2
 494 0008 03D0     		beq	.L37
 163:Core/Src/usart.c ****   {
 164:Core/Src/usart.c ****   /* USER CODE BEGIN USART1_MspDeInit 0 */
 165:Core/Src/usart.c **** 
 166:Core/Src/usart.c ****   /* USER CODE END USART1_MspDeInit 0 */
 167:Core/Src/usart.c ****     /* Peripheral clock disable */
 168:Core/Src/usart.c ****     __HAL_RCC_USART1_CLK_DISABLE();
 169:Core/Src/usart.c **** 
 170:Core/Src/usart.c ****     /**USART1 GPIO Configuration
 171:Core/Src/usart.c ****     PA9     ------> USART1_TX
 172:Core/Src/usart.c ****     PA10     ------> USART1_RX
 173:Core/Src/usart.c ****     */
 174:Core/Src/usart.c ****     HAL_GPIO_DeInit(GPIOA, GPIO_PIN_9|GPIO_PIN_10);
 175:Core/Src/usart.c **** 
 176:Core/Src/usart.c ****     /* USART1 interrupt Deinit */
 177:Core/Src/usart.c ****     HAL_NVIC_DisableIRQ(USART1_IRQn);
 178:Core/Src/usart.c ****   /* USER CODE BEGIN USART1_MspDeInit 1 */
 179:Core/Src/usart.c **** 
 180:Core/Src/usart.c ****   /* USER CODE END USART1_MspDeInit 1 */
 181:Core/Src/usart.c ****   }
 182:Core/Src/usart.c ****   else if(uartHandle->Instance==USART3)
 495              		.loc 1 182 8 is_stmt 1 view .LVU150
 496              		.loc 1 182 10 is_stmt 0 view .LVU151
 497 000a 134A     		ldr	r2, .L39+4
 498 000c 9342     		cmp	r3, r2
 499 000e 10D0     		beq	.L38
 500              	.LVL29:
 501              	.L33:
 183:Core/Src/usart.c ****   {
 184:Core/Src/usart.c ****   /* USER CODE BEGIN USART3_MspDeInit 0 */
 185:Core/Src/usart.c **** 
 186:Core/Src/usart.c ****   /* USER CODE END USART3_MspDeInit 0 */
 187:Core/Src/usart.c ****     /* Peripheral clock disable */
ARM GAS  C:\Users\root\AppData\Local\Temp\cc7ZXSMv.s 			page 14


 188:Core/Src/usart.c ****     __HAL_RCC_USART3_CLK_DISABLE();
 189:Core/Src/usart.c **** 
 190:Core/Src/usart.c ****     /**USART3 GPIO Configuration
 191:Core/Src/usart.c ****     PB10     ------> USART3_TX
 192:Core/Src/usart.c ****     PB11     ------> USART3_RX
 193:Core/Src/usart.c ****     */
 194:Core/Src/usart.c ****     HAL_GPIO_DeInit(GPIOB, GPIO_PIN_10|GPIO_PIN_11);
 195:Core/Src/usart.c **** 
 196:Core/Src/usart.c ****     /* USART3 interrupt Deinit */
 197:Core/Src/usart.c ****     HAL_NVIC_DisableIRQ(USART3_IRQn);
 198:Core/Src/usart.c ****   /* USER CODE BEGIN USART3_MspDeInit 1 */
 199:Core/Src/usart.c **** 
 200:Core/Src/usart.c ****   /* USER CODE END USART3_MspDeInit 1 */
 201:Core/Src/usart.c ****   }
 202:Core/Src/usart.c **** }
 502              		.loc 1 202 1 view .LVU152
 503 0010 08BD     		pop	{r3, pc}
 504              	.LVL30:
 505              	.L37:
 168:Core/Src/usart.c **** 
 506              		.loc 1 168 5 is_stmt 1 view .LVU153
 507 0012 124A     		ldr	r2, .L39+8
 508 0014 D2F8F030 		ldr	r3, [r2, #240]
 509 0018 23F01003 		bic	r3, r3, #16
 510 001c C2F8F030 		str	r3, [r2, #240]
 174:Core/Src/usart.c **** 
 511              		.loc 1 174 5 view .LVU154
 512 0020 4FF4C061 		mov	r1, #1536
 513 0024 0E48     		ldr	r0, .L39+12
 514              	.LVL31:
 174:Core/Src/usart.c **** 
 515              		.loc 1 174 5 is_stmt 0 view .LVU155
 516 0026 FFF7FEFF 		bl	HAL_GPIO_DeInit
 517              	.LVL32:
 177:Core/Src/usart.c ****   /* USER CODE BEGIN USART1_MspDeInit 1 */
 518              		.loc 1 177 5 is_stmt 1 view .LVU156
 519 002a 2520     		movs	r0, #37
 520 002c FFF7FEFF 		bl	HAL_NVIC_DisableIRQ
 521              	.LVL33:
 522 0030 EEE7     		b	.L33
 523              	.LVL34:
 524              	.L38:
 188:Core/Src/usart.c **** 
 525              		.loc 1 188 5 view .LVU157
 526 0032 0A4A     		ldr	r2, .L39+8
 527 0034 D2F8E830 		ldr	r3, [r2, #232]
 528 0038 23F48023 		bic	r3, r3, #262144
 529 003c C2F8E830 		str	r3, [r2, #232]
 194:Core/Src/usart.c **** 
 530              		.loc 1 194 5 view .LVU158
 531 0040 4FF44061 		mov	r1, #3072
 532 0044 0748     		ldr	r0, .L39+16
 533              	.LVL35:
 194:Core/Src/usart.c **** 
 534              		.loc 1 194 5 is_stmt 0 view .LVU159
 535 0046 FFF7FEFF 		bl	HAL_GPIO_DeInit
 536              	.LVL36:
ARM GAS  C:\Users\root\AppData\Local\Temp\cc7ZXSMv.s 			page 15


 197:Core/Src/usart.c ****   /* USER CODE BEGIN USART3_MspDeInit 1 */
 537              		.loc 1 197 5 is_stmt 1 view .LVU160
 538 004a 2720     		movs	r0, #39
 539 004c FFF7FEFF 		bl	HAL_NVIC_DisableIRQ
 540              	.LVL37:
 541              		.loc 1 202 1 is_stmt 0 view .LVU161
 542 0050 DEE7     		b	.L33
 543              	.L40:
 544 0052 00BF     		.align	2
 545              	.L39:
 546 0054 00100140 		.word	1073811456
 547 0058 00480040 		.word	1073760256
 548 005c 00440258 		.word	1476543488
 549 0060 00000258 		.word	1476526080
 550 0064 00040258 		.word	1476527104
 551              		.cfi_endproc
 552              	.LFE147:
 554              		.section	.text.fputc,"ax",%progbits
 555              		.align	1
 556              		.global	fputc
 557              		.syntax unified
 558              		.thumb
 559              		.thumb_func
 560              		.fpu fpv5-d16
 562              	fputc:
 563              	.LFB148:
 203:Core/Src/usart.c **** 
 204:Core/Src/usart.c **** /* USER CODE BEGIN 1 */
 205:Core/Src/usart.c **** #if 1
 206:Core/Src/usart.c **** 
 207:Core/Src/usart.c **** struct __FILE 
 208:Core/Src/usart.c **** { 
 209:Core/Src/usart.c **** 	int handle; 
 210:Core/Src/usart.c **** };
 211:Core/Src/usart.c **** 
 212:Core/Src/usart.c **** FILE __stdout; 
 213:Core/Src/usart.c **** 
 214:Core/Src/usart.c **** int fputc(int ch, FILE *f)
 215:Core/Src/usart.c **** { 
 564              		.loc 1 215 1 is_stmt 1 view -0
 565              		.cfi_startproc
 566              		@ args = 0, pretend = 0, frame = 0
 567              		@ frame_needed = 0, uses_anonymous_args = 0
 568              		@ link register save eliminated.
 569              	.LVL38:
 570              	.L42:
 216:Core/Src/usart.c **** 	while((USART1->ISR&0X40)==0);
 571              		.loc 1 216 30 discriminator 1 view .LVU163
 572              		.loc 1 216 7 discriminator 1 view .LVU164
 573              		.loc 1 216 15 is_stmt 0 discriminator 1 view .LVU165
 574 0000 044B     		ldr	r3, .L43
 575 0002 DB69     		ldr	r3, [r3, #28]
 576              		.loc 1 216 7 discriminator 1 view .LVU166
 577 0004 13F0400F 		tst	r3, #64
 578 0008 FAD0     		beq	.L42
 217:Core/Src/usart.c **** 	USART1->TDR=(uint8_t)ch; 
 579              		.loc 1 217 2 is_stmt 1 view .LVU167
ARM GAS  C:\Users\root\AppData\Local\Temp\cc7ZXSMv.s 			page 16


 580              		.loc 1 217 14 is_stmt 0 view .LVU168
 581 000a C2B2     		uxtb	r2, r0
 582              		.loc 1 217 13 view .LVU169
 583 000c 014B     		ldr	r3, .L43
 584 000e 9A62     		str	r2, [r3, #40]
 218:Core/Src/usart.c **** 	return ch; 
 585              		.loc 1 218 2 is_stmt 1 view .LVU170
 219:Core/Src/usart.c **** }
 586              		.loc 1 219 1 is_stmt 0 view .LVU171
 587 0010 7047     		bx	lr
 588              	.L44:
 589 0012 00BF     		.align	2
 590              	.L43:
 591 0014 00100140 		.word	1073811456
 592              		.cfi_endproc
 593              	.LFE148:
 595              		.section	.text._write,"ax",%progbits
 596              		.align	1
 597              		.global	_write
 598              		.syntax unified
 599              		.thumb
 600              		.thumb_func
 601              		.fpu fpv5-d16
 603              	_write:
 604              	.LVL39:
 605              	.LFB149:
 220:Core/Src/usart.c **** 
 221:Core/Src/usart.c **** int _write(int fd, char *ptr, int len)  
 222:Core/Src/usart.c **** {  
 606              		.loc 1 222 1 is_stmt 1 view -0
 607              		.cfi_startproc
 608              		@ args = 0, pretend = 0, frame = 0
 609              		@ frame_needed = 0, uses_anonymous_args = 0
 610              		.loc 1 222 1 is_stmt 0 view .LVU173
 611 0000 10B5     		push	{r4, lr}
 612              	.LCFI7:
 613              		.cfi_def_cfa_offset 8
 614              		.cfi_offset 4, -8
 615              		.cfi_offset 14, -4
 616 0002 1446     		mov	r4, r2
 223:Core/Src/usart.c ****  HAL_UART_Transmit(&huart1, (uint8_t*)ptr, len, 0xFFFF);
 617              		.loc 1 223 2 is_stmt 1 view .LVU174
 618 0004 4FF6FF73 		movw	r3, #65535
 619 0008 92B2     		uxth	r2, r2
 620              	.LVL40:
 621              		.loc 1 223 2 is_stmt 0 view .LVU175
 622 000a 0248     		ldr	r0, .L47
 623              	.LVL41:
 624              		.loc 1 223 2 view .LVU176
 625 000c FFF7FEFF 		bl	HAL_UART_Transmit
 626              	.LVL42:
 224:Core/Src/usart.c ****  return len;
 627              		.loc 1 224 2 is_stmt 1 view .LVU177
 225:Core/Src/usart.c **** }
 628              		.loc 1 225 1 is_stmt 0 view .LVU178
 629 0010 2046     		mov	r0, r4
 630 0012 10BD     		pop	{r4, pc}
ARM GAS  C:\Users\root\AppData\Local\Temp\cc7ZXSMv.s 			page 17


 631              	.LVL43:
 632              	.L48:
 633              		.loc 1 225 1 view .LVU179
 634              		.align	2
 635              	.L47:
 636 0014 00000000 		.word	huart1
 637              		.cfi_endproc
 638              	.LFE149:
 640              		.comm	__stdout,104,4
 641              		.comm	huart3,140,4
 642              		.comm	huart1,140,4
 643              		.text
 644              	.Letext0:
 645              		.file 2 "c:\\program files (x86)\\gnu arm embedded toolchain\\9 2020-q2-update\\arm-none-eabi\\inc
 646              		.file 3 "c:\\program files (x86)\\gnu arm embedded toolchain\\9 2020-q2-update\\arm-none-eabi\\inc
 647              		.file 4 "Drivers/CMSIS/Include/core_cm7.h"
 648              		.file 5 "Drivers/CMSIS/Device/ST/STM32H7xx/Include/system_stm32h7xx.h"
 649              		.file 6 "Drivers/CMSIS/Device/ST/STM32H7xx/Include/stm32h743xx.h"
 650              		.file 7 "c:\\program files (x86)\\gnu arm embedded toolchain\\9 2020-q2-update\\lib\\gcc\\arm-none
 651              		.file 8 "c:\\program files (x86)\\gnu arm embedded toolchain\\9 2020-q2-update\\arm-none-eabi\\inc
 652              		.file 9 "c:\\program files (x86)\\gnu arm embedded toolchain\\9 2020-q2-update\\arm-none-eabi\\inc
 653              		.file 10 "c:\\program files (x86)\\gnu arm embedded toolchain\\9 2020-q2-update\\arm-none-eabi\\in
 654              		.file 11 "c:\\program files (x86)\\gnu arm embedded toolchain\\9 2020-q2-update\\arm-none-eabi\\in
 655              		.file 12 "Drivers/STM32H7xx_HAL_Driver/Inc/stm32h7xx_hal_def.h"
 656              		.file 13 "Drivers/STM32H7xx_HAL_Driver/Inc/stm32h7xx_hal_gpio.h"
 657              		.file 14 "Drivers/STM32H7xx_HAL_Driver/Inc/stm32h7xx_hal_dma.h"
 658              		.file 15 "Drivers/STM32H7xx_HAL_Driver/Inc/stm32h7xx_hal_flash.h"
 659              		.file 16 "Drivers/STM32H7xx_HAL_Driver/Inc/stm32h7xx_hal_uart.h"
 660              		.file 17 "Drivers/STM32H7xx_HAL_Driver/Inc/stm32h7xx_hal.h"
 661              		.file 18 "Core/Inc/usart.h"
 662              		.file 19 "c:\\program files (x86)\\gnu arm embedded toolchain\\9 2020-q2-update\\arm-none-eabi\\in
 663              		.file 20 "Drivers/STM32H7xx_HAL_Driver/Inc/stm32h7xx_hal_cortex.h"
 664              		.file 21 "Drivers/STM32H7xx_HAL_Driver/Inc/stm32h7xx_hal_uart_ex.h"
 665              		.file 22 "Core/Inc/main.h"
ARM GAS  C:\Users\root\AppData\Local\Temp\cc7ZXSMv.s 			page 18


DEFINED SYMBOLS
                            *ABS*:00000000 usart.c
C:\Users\root\AppData\Local\Temp\cc7ZXSMv.s:17     .text.MX_USART1_UART_Init:00000000 $t
C:\Users\root\AppData\Local\Temp\cc7ZXSMv.s:25     .text.MX_USART1_UART_Init:00000000 MX_USART1_UART_Init
C:\Users\root\AppData\Local\Temp\cc7ZXSMv.s:134    .text.MX_USART1_UART_Init:00000060 $d
                            *COM*:0000008c huart1
C:\Users\root\AppData\Local\Temp\cc7ZXSMv.s:140    .text.MX_USART3_UART_Init:00000000 $t
C:\Users\root\AppData\Local\Temp\cc7ZXSMv.s:147    .text.MX_USART3_UART_Init:00000000 MX_USART3_UART_Init
C:\Users\root\AppData\Local\Temp\cc7ZXSMv.s:255    .text.MX_USART3_UART_Init:00000060 $d
                            *COM*:0000008c huart3
C:\Users\root\AppData\Local\Temp\cc7ZXSMv.s:261    .text.HAL_UART_MspInit:00000000 $t
C:\Users\root\AppData\Local\Temp\cc7ZXSMv.s:268    .text.HAL_UART_MspInit:00000000 HAL_UART_MspInit
C:\Users\root\AppData\Local\Temp\cc7ZXSMv.s:459    .text.HAL_UART_MspInit:000000e4 $d
C:\Users\root\AppData\Local\Temp\cc7ZXSMv.s:468    .text.HAL_UART_MspDeInit:00000000 $t
C:\Users\root\AppData\Local\Temp\cc7ZXSMv.s:475    .text.HAL_UART_MspDeInit:00000000 HAL_UART_MspDeInit
C:\Users\root\AppData\Local\Temp\cc7ZXSMv.s:546    .text.HAL_UART_MspDeInit:00000054 $d
C:\Users\root\AppData\Local\Temp\cc7ZXSMv.s:555    .text.fputc:00000000 $t
C:\Users\root\AppData\Local\Temp\cc7ZXSMv.s:562    .text.fputc:00000000 fputc
C:\Users\root\AppData\Local\Temp\cc7ZXSMv.s:591    .text.fputc:00000014 $d
C:\Users\root\AppData\Local\Temp\cc7ZXSMv.s:596    .text._write:00000000 $t
C:\Users\root\AppData\Local\Temp\cc7ZXSMv.s:603    .text._write:00000000 _write
C:\Users\root\AppData\Local\Temp\cc7ZXSMv.s:636    .text._write:00000014 $d
                            *COM*:00000068 __stdout

UNDEFINED SYMBOLS
HAL_UART_Init
HAL_UARTEx_SetTxFifoThreshold
HAL_UARTEx_SetRxFifoThreshold
HAL_UARTEx_DisableFifoMode
Error_Handler
HAL_GPIO_Init
HAL_NVIC_SetPriority
HAL_NVIC_EnableIRQ
HAL_GPIO_DeInit
HAL_NVIC_DisableIRQ
HAL_UART_Transmit
